2022-10-31 00:04:49,043 file.manager INFO 2.0.0
2022-10-31 00:04:49,044 file.manager INFO Copyright (C) 2003-2022, Noriaki Ando and OpenRTM development team,
2022-10-31 00:04:49,044 file.manager INFO   Intelligent Systems Research Institute, AIST,
2022-10-31 00:04:49,044 file.manager INFO Copyright (C) 2022, Noriaki Ando and OpenRTM development team,
2022-10-31 00:04:49,045 file.manager INFO   Industrial Cyber-Physical Research Center, AIST,
2022-10-31 00:04:49,045 file.manager INFO   All right reserved.
2022-10-31 00:04:49,045 file.manager INFO Manager starting.
2022-10-31 00:04:49,045 file.manager INFO Starting local logging.
2022-10-31 00:04:49,086 file.manager.namingmanager INFO NameServer connection succeeded: corba/localhost
2022-10-31 00:04:53,191 file.ManagerServant INFO Master manager not found
2022-10-31 00:04:53,194 file.LocalServiceAdmin INFO All the local services are enabled.
2022-10-31 00:04:53,203 file.manager INFO Component type conf file: serial_for_arduino.conf loaded.
2022-10-31 00:04:53,205 file.ec_base INFO setRate(1000000.000000) done
2022-10-31 00:04:53,206 file.ec_base INFO setRate(1000.000000) done
2022-10-31 00:04:53,206 file.rtobject INFO 1 execution context was created.
2022-10-31 00:04:53,210 file.rtobject INFO Initial active configuration set is default.
2022-10-31 00:05:07,345 file.ManagerServant INFO Master manager not found
2022-10-31 00:05:17,447 file.ManagerServant INFO Master manager not found
2022-10-31 00:05:27,541 file.ManagerServant INFO Master manager not found
2022-10-31 00:05:27,591 file.SdoServiceAdmin WARNING No available SDO service in the factory: 
2022-10-31 00:05:27,592 file.SdoServiceAdmin ERROR type  not exists.
2022-10-31 00:05:37,565 file.ManagerServant INFO Master manager not found
2022-10-31 00:05:47,586 file.ManagerServant INFO Master manager not found
2022-10-31 00:05:57,600 file.ManagerServant INFO Master manager not found
2022-10-31 00:06:07,640 file.ManagerServant INFO Master manager not found
2022-10-31 00:06:17,657 file.ManagerServant INFO Master manager not found
2022-10-31 00:06:27,767 file.ManagerServant INFO Master manager not found
2022-10-31 00:06:37,767 file.ManagerServant INFO Master manager not found
2022-10-31 00:06:47,868 file.ManagerServant INFO Master manager not found
2022-10-31 00:06:57,965 file.ManagerServant INFO Master manager not found
2022-10-31 00:07:08,078 file.ManagerServant INFO Master manager not found
