2022-10-31 00:18:26,660 file.manager INFO 2.0.0
2022-10-31 00:18:26,661 file.manager INFO Copyright (C) 2003-2022, Noriaki Ando and OpenRTM development team,
2022-10-31 00:18:26,661 file.manager INFO   Intelligent Systems Research Institute, AIST,
2022-10-31 00:18:26,661 file.manager INFO Copyright (C) 2022, Noriaki Ando and OpenRTM development team,
2022-10-31 00:18:26,661 file.manager INFO   Industrial Cyber-Physical Research Center, AIST,
2022-10-31 00:18:26,661 file.manager INFO   All right reserved.
2022-10-31 00:18:26,662 file.manager INFO Manager starting.
2022-10-31 00:18:26,662 file.manager INFO Starting local logging.
2022-10-31 00:18:26,674 file.manager.namingmanager INFO NameServer connection succeeded: corba/localhost
2022-10-31 00:18:30,760 file.ManagerServant INFO Master manager not found
2022-10-31 00:18:30,762 file.LocalServiceAdmin INFO All the local services are enabled.
2022-10-31 00:18:30,768 file.manager INFO Component type conf file: serial_for_arduino.conf loaded.
2022-10-31 00:18:30,771 file.ec_base INFO setRate(1000000.000000) done
2022-10-31 00:18:30,771 file.ec_base INFO setRate(1000.000000) done
2022-10-31 00:18:30,772 file.rtobject INFO 1 execution context was created.
2022-10-31 00:18:30,775 file.rtobject INFO Initial active configuration set is default.
2022-10-31 00:18:44,874 file.ManagerServant INFO Master manager not found
2022-10-31 00:18:54,937 file.ManagerServant INFO Master manager not found
2022-10-31 00:18:57,951 file.SdoServiceAdmin WARNING No available SDO service in the factory: 
2022-10-31 00:18:57,951 file.SdoServiceAdmin ERROR type  not exists.
2022-10-31 00:19:05,043 file.ManagerServant INFO Master manager not found
2022-10-31 00:19:15,148 file.ManagerServant INFO Master manager not found
2022-10-31 00:19:25,253 file.ManagerServant INFO Master manager not found
2022-10-31 00:19:35,240 file.ManagerServant INFO Master manager not found
