2022-10-31 19:26:16,514 file.manager INFO 2.0.0
2022-10-31 19:26:16,522 file.manager INFO Copyright (C) 2003-2022, Noriaki Ando and OpenRTM development team,
2022-10-31 19:26:16,522 file.manager INFO   Intelligent Systems Research Institute, AIST,
2022-10-31 19:26:16,522 file.manager INFO Copyright (C) 2022, Noriaki Ando and OpenRTM development team,
2022-10-31 19:26:16,522 file.manager INFO   Industrial Cyber-Physical Research Center, AIST,
2022-10-31 19:26:16,522 file.manager INFO   All right reserved.
2022-10-31 19:26:16,522 file.manager INFO Manager starting.
2022-10-31 19:26:16,522 file.manager INFO Starting local logging.
2022-10-31 19:26:16,562 file.manager.namingmanager INFO NameServer connection succeeded: corba/localhost
2022-10-31 19:26:20,759 file.ManagerServant INFO Master manager not found
2022-10-31 19:26:20,759 file.LocalServiceAdmin INFO All the local services are enabled.
2022-10-31 19:26:20,791 file.manager INFO Component type conf file: serial_for_arduino.conf loaded.
2022-10-31 19:26:20,791 file.ec_base INFO setRate(1000000.000000) done
2022-10-31 19:26:20,791 file.ec_base INFO setRate(1000.000000) done
2022-10-31 19:26:20,791 file.rtobject INFO 1 execution context was created.
2022-10-31 19:26:20,799 file.rtobject INFO Initial active configuration set is default.
2022-10-31 19:26:34,970 file.ManagerServant INFO Master manager not found
2022-10-31 19:26:45,006 file.ManagerServant INFO Master manager not found
2022-10-31 19:26:55,128 file.ManagerServant INFO Master manager not found
2022-10-31 19:27:05,202 file.ManagerServant INFO Master manager not found
2022-10-31 19:27:15,269 file.ManagerServant INFO Master manager not found
2022-10-31 19:27:25,373 file.ManagerServant INFO Master manager not found
2022-10-31 19:27:35,377 file.ManagerServant INFO Master manager not found
2022-10-31 19:27:38,263 file.SdoServiceAdmin WARNING No available SDO service in the factory: 
2022-10-31 19:27:38,264 file.SdoServiceAdmin ERROR type  not exists.
2022-10-31 19:27:45,456 file.ManagerServant INFO Master manager not found
2022-10-31 19:27:55,540 file.ManagerServant INFO Master manager not found
2022-10-31 19:28:05,636 file.ManagerServant INFO Master manager not found
2022-10-31 19:28:15,639 file.ManagerServant INFO Master manager not found
2022-10-31 19:28:25,740 file.ManagerServant INFO Master manager not found
2022-10-31 19:28:35,737 file.ManagerServant INFO Master manager not found
2022-10-31 19:28:45,824 file.ManagerServant INFO Master manager not found
2022-10-31 19:28:55,907 file.ManagerServant INFO Master manager not found
2022-10-31 19:29:06,030 file.ManagerServant INFO Master manager not found
2022-10-31 19:29:16,029 file.ManagerServant INFO Master manager not found
2022-10-31 19:29:26,030 file.ManagerServant INFO Master manager not found
2022-10-31 19:29:36,131 file.ManagerServant INFO Master manager not found
2022-10-31 19:29:46,152 file.ManagerServant INFO Master manager not found
2022-10-31 19:29:56,206 file.ManagerServant INFO Master manager not found
2022-10-31 19:30:06,245 file.ManagerServant INFO Master manager not found
2022-10-31 19:30:16,363 file.ManagerServant INFO Master manager not found
2022-10-31 19:30:26,377 file.ManagerServant INFO Master manager not found
2022-10-31 19:30:36,377 file.ManagerServant INFO Master manager not found
2022-10-31 19:30:46,483 file.ManagerServant INFO Master manager not found
2022-10-31 19:30:56,583 file.ManagerServant INFO Master manager not found
2022-10-31 19:31:06,581 file.ManagerServant INFO Master manager not found
2022-10-31 19:31:16,601 file.ManagerServant INFO Master manager not found
2022-10-31 19:31:26,581 file.ManagerServant INFO Master manager not found
2022-10-31 19:31:36,623 file.ManagerServant INFO Master manager not found
2022-10-31 19:31:46,742 file.ManagerServant INFO Master manager not found
2022-10-31 19:31:56,741 file.ManagerServant INFO Master manager not found
2022-10-31 19:32:06,754 file.ManagerServant INFO Master manager not found
2022-10-31 19:32:17,312 file.ManagerServant INFO Master manager not found
2022-10-31 19:32:26,892 file.ManagerServant INFO Master manager not found
2022-10-31 19:32:37,590 file.ManagerServant INFO Master manager not found
2022-10-31 19:32:46,994 file.ManagerServant INFO Master manager not found
2022-10-31 19:32:57,087 file.ManagerServant INFO Master manager not found
2022-10-31 19:33:07,183 file.ManagerServant INFO Master manager not found
2022-10-31 19:33:17,289 file.ManagerServant INFO Master manager not found
2022-10-31 19:33:27,311 file.ManagerServant INFO Master manager not found
2022-10-31 19:33:37,327 file.ManagerServant INFO Master manager not found
2022-10-31 19:33:47,322 file.ManagerServant INFO Master manager not found
2022-10-31 19:33:57,421 file.ManagerServant INFO Master manager not found
2022-10-31 19:34:07,459 file.ManagerServant INFO Master manager not found
2022-10-31 19:34:17,585 file.ManagerServant INFO Master manager not found
2022-10-31 19:34:27,614 file.ManagerServant INFO Master manager not found
2022-10-31 19:34:37,648 file.ManagerServant INFO Master manager not found
2022-10-31 19:34:47,661 file.ManagerServant INFO Master manager not found
2022-10-31 19:34:57,672 file.ManagerServant INFO Master manager not found
2022-10-31 19:35:07,680 file.ManagerServant INFO Master manager not found
2022-10-31 19:35:17,787 file.ManagerServant INFO Master manager not found
2022-10-31 19:35:27,919 file.ManagerServant INFO Master manager not found
2022-10-31 19:35:37,914 file.ManagerServant INFO Master manager not found
2022-10-31 19:35:48,024 file.ManagerServant INFO Master manager not found
2022-10-31 19:35:58,140 file.ManagerServant INFO Master manager not found
2022-10-31 19:36:08,180 file.ManagerServant INFO Master manager not found
2022-10-31 19:36:18,168 file.ManagerServant INFO Master manager not found
2022-10-31 19:36:28,263 file.ManagerServant INFO Master manager not found
2022-10-31 19:36:38,367 file.ManagerServant INFO Master manager not found
2022-10-31 19:36:48,350 file.ManagerServant INFO Master manager not found
2022-10-31 19:36:58,455 file.ManagerServant INFO Master manager not found
2022-10-31 19:37:08,555 file.ManagerServant INFO Master manager not found
2022-10-31 19:37:18,561 file.ManagerServant INFO Master manager not found
2022-10-31 19:37:29,282 file.ManagerServant INFO Master manager not found
2022-10-31 19:37:38,620 file.ManagerServant INFO Master manager not found
2022-10-31 19:37:48,716 file.ManagerServant INFO Master manager not found
2022-10-31 19:37:59,408 file.ManagerServant INFO Master manager not found
2022-10-31 19:38:08,818 file.ManagerServant INFO Master manager not found
2022-10-31 19:38:18,913 file.ManagerServant INFO Master manager not found
2022-10-31 19:38:28,935 file.ManagerServant INFO Master manager not found
2022-10-31 19:38:38,928 file.ManagerServant INFO Master manager not found
2022-10-31 19:38:48,932 file.ManagerServant INFO Master manager not found
2022-10-31 19:38:58,962 file.ManagerServant INFO Master manager not found
2022-10-31 19:39:09,067 file.ManagerServant INFO Master manager not found
2022-10-31 19:39:19,183 file.ManagerServant INFO Master manager not found
2022-10-31 19:39:29,180 file.ManagerServant INFO Master manager not found
2022-10-31 19:39:39,465 file.ManagerServant INFO Master manager not found
2022-10-31 19:39:49,307 file.ManagerServant INFO Master manager not found
2022-10-31 19:39:59,314 file.ManagerServant INFO Master manager not found
2022-10-31 19:40:09,322 file.ManagerServant INFO Master manager not found
2022-10-31 19:40:19,321 file.ManagerServant INFO Master manager not found
2022-10-31 19:40:29,422 file.ManagerServant INFO Master manager not found
2022-10-31 19:40:39,457 file.ManagerServant INFO Master manager not found
2022-10-31 19:40:49,822 file.ManagerServant INFO Master manager not found
2022-10-31 19:40:59,595 file.ManagerServant INFO Master manager not found
2022-10-31 19:41:09,620 file.ManagerServant INFO Master manager not found
2022-10-31 19:41:19,609 file.ManagerServant INFO Master manager not found
2022-10-31 19:41:29,619 file.ManagerServant INFO Master manager not found
2022-10-31 19:41:39,635 file.ManagerServant INFO Master manager not found
2022-10-31 19:41:49,892 file.ManagerServant INFO Master manager not found
2022-10-31 19:41:59,706 file.ManagerServant INFO Master manager not found
2022-10-31 19:42:09,881 file.ManagerServant INFO Master manager not found
2022-10-31 19:42:19,818 file.ManagerServant INFO Master manager not found
2022-10-31 19:42:29,926 file.ManagerServant INFO Master manager not found
2022-10-31 19:42:40,205 file.ManagerServant INFO Master manager not found
2022-10-31 19:42:50,036 file.ManagerServant INFO Master manager not found
2022-10-31 19:43:00,026 file.ManagerServant INFO Master manager not found
2022-10-31 19:43:10,113 file.ManagerServant INFO Master manager not found
2022-10-31 19:43:20,180 file.ManagerServant INFO Master manager not found
2022-10-31 19:43:30,292 file.ManagerServant INFO Master manager not found
2022-10-31 19:43:40,386 file.ManagerServant INFO Master manager not found
2022-10-31 19:43:50,443 file.ManagerServant INFO Master manager not found
2022-10-31 19:44:00,529 file.ManagerServant INFO Master manager not found
2022-10-31 19:44:10,581 file.ManagerServant INFO Master manager not found
2022-10-31 19:44:20,658 file.ManagerServant INFO Master manager not found
2022-10-31 19:44:30,717 file.ManagerServant INFO Master manager not found
2022-10-31 19:44:40,713 file.ManagerServant INFO Master manager not found
2022-10-31 19:44:50,725 file.ManagerServant INFO Master manager not found
2022-10-31 19:45:01,060 file.ManagerServant INFO Master manager not found
2022-10-31 19:45:10,820 file.ManagerServant INFO Master manager not found
2022-10-31 19:45:20,936 file.ManagerServant INFO Master manager not found
2022-10-31 19:45:30,901 file.ManagerServant INFO Master manager not found
2022-10-31 19:45:40,966 file.ManagerServant INFO Master manager not found
2022-10-31 19:45:51,104 file.ManagerServant INFO Master manager not found
2022-10-31 19:46:01,083 file.ManagerServant INFO Master manager not found
2022-10-31 19:46:11,178 file.ManagerServant INFO Master manager not found
2022-10-31 19:46:21,200 file.ManagerServant INFO Master manager not found
2022-10-31 19:46:31,201 file.ManagerServant INFO Master manager not found
2022-10-31 19:46:41,719 file.ManagerServant INFO Master manager not found
2022-10-31 19:46:52,135 file.ManagerServant INFO Master manager not found
2022-10-31 19:47:01,376 file.ManagerServant INFO Master manager not found
2022-10-31 19:47:11,801 file.ManagerServant INFO Master manager not found
2022-10-31 19:47:21,628 file.ManagerServant INFO Master manager not found
2022-10-31 19:47:31,476 file.ManagerServant INFO Master manager not found
2022-10-31 19:47:41,469 file.ManagerServant INFO Master manager not found
2022-10-31 19:47:51,551 file.ManagerServant INFO Master manager not found
2022-10-31 19:48:01,645 file.ManagerServant INFO Master manager not found
2022-10-31 19:48:11,729 file.ManagerServant INFO Master manager not found
2022-10-31 19:48:21,805 file.ManagerServant INFO Master manager not found
2022-10-31 19:48:31,816 file.ManagerServant INFO Master manager not found
2022-10-31 19:48:42,298 file.ManagerServant INFO Master manager not found
2022-10-31 19:48:52,492 file.ManagerServant INFO Master manager not found
2022-10-31 19:49:02,042 file.ManagerServant INFO Master manager not found
2022-10-31 19:49:12,158 file.ManagerServant INFO Master manager not found
2022-10-31 19:49:22,213 file.ManagerServant INFO Master manager not found
2022-10-31 19:49:32,282 file.ManagerServant INFO Master manager not found
2022-10-31 19:49:42,401 file.ManagerServant INFO Master manager not found
2022-10-31 19:49:52,455 file.ManagerServant INFO Master manager not found
2022-10-31 19:50:02,531 file.ManagerServant INFO Master manager not found
2022-10-31 19:50:12,652 file.ManagerServant INFO Master manager not found
2022-10-31 19:50:22,709 file.ManagerServant INFO Master manager not found
2022-10-31 19:50:32,808 file.ManagerServant INFO Master manager not found
2022-10-31 19:50:42,926 file.ManagerServant INFO Master manager not found
2022-10-31 19:50:52,981 file.ManagerServant INFO Master manager not found
2022-10-31 19:51:03,066 file.ManagerServant INFO Master manager not found
2022-10-31 19:51:13,163 file.ManagerServant INFO Master manager not found
2022-10-31 19:51:23,283 file.ManagerServant INFO Master manager not found
2022-10-31 19:51:33,288 file.ManagerServant INFO Master manager not found
2022-10-31 19:51:43,299 file.ManagerServant INFO Master manager not found
2022-10-31 19:51:53,305 file.ManagerServant INFO Master manager not found
2022-10-31 19:52:03,391 file.ManagerServant INFO Master manager not found
2022-10-31 19:52:13,472 file.ManagerServant INFO Master manager not found
2022-10-31 19:52:23,553 file.ManagerServant INFO Master manager not found
2022-10-31 19:52:33,685 file.ManagerServant INFO Master manager not found
2022-10-31 19:52:43,690 file.ManagerServant INFO Master manager not found
2022-10-31 19:52:53,692 file.ManagerServant INFO Master manager not found
2022-10-31 19:53:03,795 file.ManagerServant INFO Master manager not found
2022-10-31 19:53:13,800 file.ManagerServant INFO Master manager not found
2022-10-31 19:53:23,887 file.ManagerServant INFO Master manager not found
2022-10-31 19:53:33,995 file.ManagerServant INFO Master manager not found
2022-10-31 19:53:44,100 file.ManagerServant INFO Master manager not found
2022-10-31 19:53:54,094 file.ManagerServant INFO Master manager not found
2022-10-31 19:54:04,189 file.ManagerServant INFO Master manager not found
2022-10-31 19:54:14,248 file.ManagerServant INFO Master manager not found
2022-10-31 19:54:24,344 file.ManagerServant INFO Master manager not found
2022-10-31 19:54:34,336 file.ManagerServant INFO Master manager not found
2022-10-31 19:54:44,447 file.ManagerServant INFO Master manager not found
2022-10-31 19:54:54,554 file.ManagerServant INFO Master manager not found
2022-10-31 19:55:04,562 file.ManagerServant INFO Master manager not found
2022-10-31 19:55:14,562 file.ManagerServant INFO Master manager not found
2022-10-31 19:55:24,679 file.ManagerServant INFO Master manager not found
2022-10-31 19:55:34,703 file.ManagerServant INFO Master manager not found
2022-10-31 19:55:44,711 file.ManagerServant INFO Master manager not found
2022-10-31 19:55:54,726 file.ManagerServant INFO Master manager not found
2022-10-31 19:56:04,737 file.ManagerServant INFO Master manager not found
2022-10-31 19:56:14,742 file.ManagerServant INFO Master manager not found
2022-10-31 19:56:24,830 file.ManagerServant INFO Master manager not found
2022-10-31 19:56:34,938 file.ManagerServant INFO Master manager not found
2022-10-31 19:56:45,063 file.ManagerServant INFO Master manager not found
2022-10-31 19:56:55,062 file.ManagerServant INFO Master manager not found
2022-10-31 19:57:05,091 file.ManagerServant INFO Master manager not found
2022-10-31 19:57:15,163 file.ManagerServant INFO Master manager not found
2022-10-31 19:57:25,275 file.ManagerServant INFO Master manager not found
2022-10-31 19:57:35,351 file.ManagerServant INFO Master manager not found
2022-10-31 19:57:45,463 file.ManagerServant INFO Master manager not found
2022-10-31 19:57:55,433 file.ManagerServant INFO Master manager not found
2022-10-31 19:58:05,531 file.ManagerServant INFO Master manager not found
2022-10-31 19:58:15,645 file.ManagerServant INFO Master manager not found
2022-10-31 19:58:25,641 file.ManagerServant INFO Master manager not found
2022-10-31 19:58:35,740 file.ManagerServant INFO Master manager not found
2022-10-31 19:58:45,836 file.ManagerServant INFO Master manager not found
2022-10-31 19:58:55,843 file.ManagerServant INFO Master manager not found
2022-10-31 19:59:05,933 file.ManagerServant INFO Master manager not found
2022-10-31 19:59:15,939 file.ManagerServant INFO Master manager not found
2022-10-31 19:59:26,007 file.ManagerServant INFO Master manager not found
2022-10-31 19:59:36,052 file.ManagerServant INFO Master manager not found
2022-10-31 19:59:46,113 file.ManagerServant INFO Master manager not found
2022-10-31 19:59:56,180 file.ManagerServant INFO Master manager not found
2022-10-31 20:00:06,265 file.ManagerServant INFO Master manager not found
2022-10-31 20:00:16,305 file.ManagerServant INFO Master manager not found
2022-10-31 20:00:26,370 file.ManagerServant INFO Master manager not found
2022-10-31 20:00:36,484 file.ManagerServant INFO Master manager not found
2022-10-31 20:00:46,548 file.ManagerServant INFO Master manager not found
2022-10-31 20:00:56,651 file.ManagerServant INFO Master manager not found
2022-10-31 20:01:06,745 file.ManagerServant INFO Master manager not found
2022-10-31 20:01:16,743 file.ManagerServant INFO Master manager not found
2022-10-31 20:01:26,856 file.ManagerServant INFO Master manager not found
2022-10-31 20:01:36,908 file.ManagerServant INFO Master manager not found
2022-10-31 20:01:47,004 file.ManagerServant INFO Master manager not found
2022-10-31 20:01:57,096 file.ManagerServant INFO Master manager not found
2022-10-31 20:02:07,175 file.ManagerServant INFO Master manager not found
2022-10-31 20:02:17,227 file.ManagerServant INFO Master manager not found
2022-10-31 20:02:27,342 file.ManagerServant INFO Master manager not found
2022-10-31 20:02:37,311 file.ManagerServant INFO Master manager not found
2022-10-31 20:02:47,408 file.ManagerServant INFO Master manager not found
2022-10-31 20:02:57,498 file.ManagerServant INFO Master manager not found
2022-10-31 20:03:07,516 file.ManagerServant INFO Master manager not found
2022-10-31 20:03:17,554 file.ManagerServant INFO Master manager not found
2022-10-31 20:03:27,645 file.ManagerServant INFO Master manager not found
2022-10-31 20:03:37,731 file.ManagerServant INFO Master manager not found
2022-10-31 20:03:47,825 file.ManagerServant INFO Master manager not found
2022-10-31 20:03:57,866 file.ManagerServant INFO Master manager not found
2022-10-31 20:04:07,933 file.ManagerServant INFO Master manager not found
2022-10-31 20:04:18,024 file.ManagerServant INFO Master manager not found
2022-10-31 20:04:28,066 file.ManagerServant INFO Master manager not found
2022-10-31 20:04:38,165 file.ManagerServant INFO Master manager not found
2022-10-31 20:04:48,171 file.ManagerServant INFO Master manager not found
2022-10-31 20:04:58,285 file.ManagerServant INFO Master manager not found
2022-10-31 20:05:08,368 file.ManagerServant INFO Master manager not found
2022-10-31 20:05:18,451 file.ManagerServant INFO Master manager not found
2022-10-31 20:05:28,487 file.ManagerServant INFO Master manager not found
2022-10-31 20:05:38,528 file.ManagerServant INFO Master manager not found
2022-10-31 20:05:48,597 file.ManagerServant INFO Master manager not found
2022-10-31 20:05:58,701 file.ManagerServant INFO Master manager not found
2022-10-31 20:06:08,740 file.ManagerServant INFO Master manager not found
2022-10-31 20:06:18,749 file.ManagerServant INFO Master manager not found
2022-10-31 20:06:28,748 file.ManagerServant INFO Master manager not found
2022-10-31 20:06:38,839 file.ManagerServant INFO Master manager not found
2022-10-31 20:06:48,927 file.ManagerServant INFO Master manager not found
2022-10-31 20:06:58,980 file.ManagerServant INFO Master manager not found
2022-10-31 20:07:09,101 file.ManagerServant INFO Master manager not found
2022-10-31 20:07:19,176 file.ManagerServant INFO Master manager not found
2022-10-31 20:07:29,283 file.ManagerServant INFO Master manager not found
2022-10-31 20:07:39,347 file.ManagerServant INFO Master manager not found
2022-10-31 20:07:49,425 file.ManagerServant INFO Master manager not found
2022-10-31 20:07:59,443 file.ManagerServant INFO Master manager not found
2022-10-31 20:08:09,490 file.ManagerServant INFO Master manager not found
2022-10-31 20:08:19,501 file.ManagerServant INFO Master manager not found
2022-10-31 20:08:29,524 file.ManagerServant INFO Master manager not found
2022-10-31 20:08:39,630 file.ManagerServant INFO Master manager not found
2022-10-31 20:08:49,626 file.ManagerServant INFO Master manager not found
2022-10-31 20:08:59,738 file.ManagerServant INFO Master manager not found
2022-10-31 20:09:09,826 file.ManagerServant INFO Master manager not found
2022-10-31 20:09:19,914 file.ManagerServant INFO Master manager not found
2022-10-31 20:09:30,047 file.ManagerServant INFO Master manager not found
2022-10-31 20:09:40,116 file.ManagerServant INFO Master manager not found
2022-10-31 20:09:50,207 file.ManagerServant INFO Master manager not found
2022-10-31 20:10:00,249 file.ManagerServant INFO Master manager not found
2022-10-31 20:10:10,228 file.ManagerServant INFO Master manager not found
2022-10-31 20:10:20,334 file.ManagerServant INFO Master manager not found
2022-10-31 20:10:30,426 file.ManagerServant INFO Master manager not found
2022-10-31 20:10:40,430 file.ManagerServant INFO Master manager not found
2022-10-31 20:10:50,536 file.ManagerServant INFO Master manager not found
2022-10-31 20:11:00,623 file.ManagerServant INFO Master manager not found
2022-10-31 20:11:10,715 file.ManagerServant INFO Master manager not found
2022-10-31 20:11:20,720 file.ManagerServant INFO Master manager not found
2022-10-31 20:11:30,722 file.ManagerServant INFO Master manager not found
2022-10-31 20:11:40,842 file.ManagerServant INFO Master manager not found
2022-10-31 20:11:50,874 file.ManagerServant INFO Master manager not found
2022-10-31 20:12:00,910 file.ManagerServant INFO Master manager not found
2022-10-31 20:12:10,926 file.ManagerServant INFO Master manager not found
2022-10-31 20:12:20,935 file.ManagerServant INFO Master manager not found
2022-10-31 20:12:31,039 file.ManagerServant INFO Master manager not found
2022-10-31 20:12:41,046 file.ManagerServant INFO Master manager not found
2022-10-31 20:12:51,042 file.ManagerServant INFO Master manager not found
2022-10-31 20:13:01,166 file.ManagerServant INFO Master manager not found
2022-10-31 20:13:11,174 file.ManagerServant INFO Master manager not found
2022-10-31 20:13:21,191 file.ManagerServant INFO Master manager not found
2022-10-31 20:13:31,193 file.ManagerServant INFO Master manager not found
2022-10-31 20:13:41,201 file.ManagerServant INFO Master manager not found
2022-10-31 20:13:51,308 file.ManagerServant INFO Master manager not found
2022-10-31 20:14:01,324 file.ManagerServant INFO Master manager not found
2022-10-31 20:14:11,333 file.ManagerServant INFO Master manager not found
2022-10-31 20:14:21,329 file.ManagerServant INFO Master manager not found
2022-10-31 20:14:31,464 file.ManagerServant INFO Master manager not found
2022-10-31 20:14:41,471 file.ManagerServant INFO Master manager not found
2022-10-31 20:14:51,479 file.ManagerServant INFO Master manager not found
2022-10-31 20:15:01,481 file.ManagerServant INFO Master manager not found
2022-10-31 20:15:11,493 file.ManagerServant INFO Master manager not found
2022-10-31 20:15:21,493 file.ManagerServant INFO Master manager not found
2022-10-31 20:15:31,509 file.ManagerServant INFO Master manager not found
2022-10-31 20:15:41,522 file.ManagerServant INFO Master manager not found
2022-10-31 20:15:51,547 file.ManagerServant INFO Master manager not found
2022-10-31 20:16:01,553 file.ManagerServant INFO Master manager not found
2022-10-31 20:16:11,560 file.ManagerServant INFO Master manager not found
2022-10-31 20:16:21,558 file.ManagerServant INFO Master manager not found
2022-10-31 20:16:31,579 file.ManagerServant INFO Master manager not found
2022-10-31 20:16:41,580 file.ManagerServant INFO Master manager not found
2022-10-31 20:16:51,580 file.ManagerServant INFO Master manager not found
2022-10-31 20:17:01,681 file.ManagerServant INFO Master manager not found
2022-10-31 20:17:11,693 file.ManagerServant INFO Master manager not found
2022-10-31 20:17:21,801 file.ManagerServant INFO Master manager not found
2022-10-31 20:17:31,887 file.ManagerServant INFO Master manager not found
2022-10-31 20:17:41,896 file.ManagerServant INFO Master manager not found
2022-10-31 20:17:51,992 file.ManagerServant INFO Master manager not found
2022-10-31 20:18:02,105 file.ManagerServant INFO Master manager not found
2022-10-31 20:18:12,113 file.ManagerServant INFO Master manager not found
2022-10-31 20:18:22,122 file.ManagerServant INFO Master manager not found
2022-10-31 20:18:32,211 file.ManagerServant INFO Master manager not found
2022-10-31 20:18:42,228 file.ManagerServant INFO Master manager not found
2022-10-31 20:18:52,237 file.ManagerServant INFO Master manager not found
2022-10-31 20:19:02,254 file.ManagerServant INFO Master manager not found
2022-10-31 20:19:12,271 file.ManagerServant INFO Master manager not found
2022-10-31 20:19:22,278 file.ManagerServant INFO Master manager not found
2022-10-31 20:19:32,322 file.ManagerServant INFO Master manager not found
2022-10-31 20:19:42,332 file.ManagerServant INFO Master manager not found
2022-10-31 20:19:52,335 file.ManagerServant INFO Master manager not found
2022-10-31 20:20:02,341 file.ManagerServant INFO Master manager not found
2022-10-31 20:20:12,356 file.ManagerServant INFO Master manager not found
2022-10-31 20:20:22,370 file.ManagerServant INFO Master manager not found
2022-10-31 20:20:32,391 file.ManagerServant INFO Master manager not found
2022-10-31 20:20:42,400 file.ManagerServant INFO Master manager not found
2022-10-31 20:20:52,393 file.ManagerServant INFO Master manager not found
2022-10-31 20:21:02,507 file.ManagerServant INFO Master manager not found
2022-10-31 20:21:12,510 file.ManagerServant INFO Master manager not found
2022-10-31 20:21:22,525 file.ManagerServant INFO Master manager not found
2022-10-31 20:21:32,529 file.ManagerServant INFO Master manager not found
2022-10-31 20:21:42,564 file.ManagerServant INFO Master manager not found
2022-10-31 20:21:52,558 file.ManagerServant INFO Master manager not found
2022-10-31 20:22:02,684 file.ManagerServant INFO Master manager not found
2022-10-31 20:22:12,695 file.ManagerServant INFO Master manager not found
2022-10-31 20:22:22,674 file.ManagerServant INFO Master manager not found
2022-10-31 20:22:32,800 file.ManagerServant INFO Master manager not found
2022-10-31 20:22:42,796 file.ManagerServant INFO Master manager not found
2022-10-31 20:22:52,795 file.ManagerServant INFO Master manager not found
2022-10-31 20:23:02,812 file.ManagerServant INFO Master manager not found
2022-10-31 20:23:12,820 file.ManagerServant INFO Master manager not found
2022-10-31 20:23:22,832 file.ManagerServant INFO Master manager not found
2022-10-31 20:23:32,841 file.ManagerServant INFO Master manager not found
2022-10-31 20:23:42,849 file.ManagerServant INFO Master manager not found
2022-10-31 20:23:52,964 file.ManagerServant INFO Master manager not found
2022-10-31 20:24:02,976 file.ManagerServant INFO Master manager not found
2022-10-31 20:24:12,991 file.ManagerServant INFO Master manager not found
2022-10-31 20:24:22,996 file.ManagerServant INFO Master manager not found
2022-10-31 20:24:33,128 file.ManagerServant INFO Master manager not found
2022-10-31 20:24:43,131 file.ManagerServant INFO Master manager not found
2022-10-31 20:24:53,137 file.ManagerServant INFO Master manager not found
2022-10-31 20:25:03,145 file.ManagerServant INFO Master manager not found
2022-10-31 20:25:13,165 file.ManagerServant INFO Master manager not found
2022-10-31 20:25:23,165 file.ManagerServant INFO Master manager not found
2022-10-31 20:25:33,264 file.ManagerServant INFO Master manager not found
2022-10-31 20:25:43,269 file.ManagerServant INFO Master manager not found
2022-10-31 20:25:53,372 file.ManagerServant INFO Master manager not found
2022-10-31 20:26:03,393 file.ManagerServant INFO Master manager not found
2022-10-31 20:26:13,405 file.ManagerServant INFO Master manager not found
2022-10-31 20:26:23,406 file.ManagerServant INFO Master manager not found
2022-10-31 20:26:33,393 file.ManagerServant INFO Master manager not found
2022-10-31 20:26:43,500 file.ManagerServant INFO Master manager not found
2022-10-31 20:26:53,497 file.ManagerServant INFO Master manager not found
2022-10-31 20:27:03,602 file.ManagerServant INFO Master manager not found
2022-10-31 20:27:13,610 file.ManagerServant INFO Master manager not found
2022-10-31 20:27:23,615 file.ManagerServant INFO Master manager not found
2022-10-31 20:27:33,614 file.ManagerServant INFO Master manager not found
2022-10-31 20:27:43,623 file.ManagerServant INFO Master manager not found
2022-10-31 20:27:53,622 file.ManagerServant INFO Master manager not found
2022-10-31 20:28:03,730 file.ManagerServant INFO Master manager not found
2022-10-31 20:28:13,735 file.ManagerServant INFO Master manager not found
2022-10-31 20:28:23,746 file.ManagerServant INFO Master manager not found
2022-10-31 20:28:33,749 file.ManagerServant INFO Master manager not found
2022-10-31 20:28:43,856 file.ManagerServant INFO Master manager not found
2022-10-31 20:28:53,867 file.ManagerServant INFO Master manager not found
2022-10-31 20:29:03,883 file.ManagerServant INFO Master manager not found
2022-10-31 20:29:13,896 file.ManagerServant INFO Master manager not found
2022-10-31 20:29:23,904 file.ManagerServant INFO Master manager not found
2022-10-31 20:29:33,908 file.ManagerServant INFO Master manager not found
2022-10-31 20:29:43,933 file.ManagerServant INFO Master manager not found
2022-10-31 20:29:53,942 file.ManagerServant INFO Master manager not found
2022-10-31 20:30:03,948 file.ManagerServant INFO Master manager not found
2022-10-31 20:30:13,937 file.ManagerServant INFO Master manager not found
2022-10-31 20:30:23,946 file.ManagerServant INFO Master manager not found
2022-10-31 20:30:33,954 file.ManagerServant INFO Master manager not found
2022-10-31 20:30:43,964 file.ManagerServant INFO Master manager not found
2022-10-31 20:30:53,968 file.ManagerServant INFO Master manager not found
2022-10-31 20:31:04,091 file.ManagerServant INFO Master manager not found
2022-10-31 20:31:14,095 file.ManagerServant INFO Master manager not found
2022-10-31 20:31:24,103 file.ManagerServant INFO Master manager not found
2022-10-31 20:31:34,212 file.ManagerServant INFO Master manager not found
2022-10-31 20:31:44,223 file.ManagerServant INFO Master manager not found
2022-10-31 20:31:54,233 file.ManagerServant INFO Master manager not found
2022-10-31 20:32:04,232 file.ManagerServant INFO Master manager not found
2022-10-31 20:32:14,323 file.ManagerServant INFO Master manager not found
2022-10-31 20:32:24,418 file.ManagerServant INFO Master manager not found
2022-10-31 20:32:34,528 file.ManagerServant INFO Master manager not found
2022-10-31 20:32:44,524 file.ManagerServant INFO Master manager not found
2022-10-31 20:32:54,634 file.ManagerServant INFO Master manager not found
2022-10-31 20:33:04,636 file.ManagerServant INFO Master manager not found
2022-10-31 20:33:14,644 file.ManagerServant INFO Master manager not found
2022-10-31 20:33:24,646 file.ManagerServant INFO Master manager not found
2022-10-31 20:33:34,745 file.ManagerServant INFO Master manager not found
2022-10-31 20:33:44,750 file.ManagerServant INFO Master manager not found
2022-10-31 20:33:54,858 file.ManagerServant INFO Master manager not found
2022-10-31 20:34:04,874 file.ManagerServant INFO Master manager not found
2022-10-31 20:34:14,903 file.ManagerServant INFO Master manager not found
2022-10-31 20:34:24,913 file.ManagerServant INFO Master manager not found
2022-10-31 20:34:34,919 file.ManagerServant INFO Master manager not found
2022-10-31 20:34:45,028 file.ManagerServant INFO Master manager not found
2022-10-31 20:34:55,135 file.ManagerServant INFO Master manager not found
2022-10-31 20:35:05,142 file.ManagerServant INFO Master manager not found
2022-10-31 20:35:15,146 file.ManagerServant INFO Master manager not found
2022-10-31 20:35:25,237 file.ManagerServant INFO Master manager not found
2022-10-31 20:35:35,356 file.ManagerServant INFO Master manager not found
2022-10-31 20:35:45,362 file.ManagerServant INFO Master manager not found
2022-10-31 20:35:55,378 file.ManagerServant INFO Master manager not found
2022-10-31 20:36:05,382 file.ManagerServant INFO Master manager not found
2022-10-31 20:36:15,393 file.ManagerServant INFO Master manager not found
2022-10-31 20:36:25,399 file.ManagerServant INFO Master manager not found
2022-10-31 20:36:35,404 file.ManagerServant INFO Master manager not found
2022-10-31 20:36:45,505 file.ManagerServant INFO Master manager not found
2022-10-31 20:36:55,609 file.ManagerServant INFO Master manager not found
2022-10-31 20:37:05,615 file.ManagerServant INFO Master manager not found
2022-10-31 20:37:15,616 file.ManagerServant INFO Master manager not found
2022-10-31 20:37:25,724 file.ManagerServant INFO Master manager not found
2022-10-31 20:37:35,836 file.ManagerServant INFO Master manager not found
2022-10-31 20:37:45,840 file.ManagerServant INFO Master manager not found
2022-10-31 20:37:55,849 file.ManagerServant INFO Master manager not found
2022-10-31 20:38:05,858 file.ManagerServant INFO Master manager not found
2022-10-31 20:38:15,865 file.ManagerServant INFO Master manager not found
2022-10-31 20:38:25,889 file.ManagerServant INFO Master manager not found
2022-10-31 20:38:35,917 file.ManagerServant INFO Master manager not found
2022-10-31 20:38:45,944 file.ManagerServant INFO Master manager not found
2022-10-31 20:38:55,938 file.ManagerServant INFO Master manager not found
2022-10-31 20:39:06,060 file.ManagerServant INFO Master manager not found
2022-10-31 20:39:16,074 file.ManagerServant INFO Master manager not found
2022-10-31 20:39:26,069 file.ManagerServant INFO Master manager not found
2022-10-31 20:39:36,070 file.ManagerServant INFO Master manager not found
2022-10-31 20:39:46,184 file.ManagerServant INFO Master manager not found
2022-10-31 20:39:56,273 file.ManagerServant INFO Master manager not found
2022-10-31 20:40:06,374 file.ManagerServant INFO Master manager not found
2022-10-31 20:40:16,475 file.ManagerServant INFO Master manager not found
2022-10-31 20:40:26,457 file.ManagerServant INFO Master manager not found
2022-10-31 20:40:36,535 file.ManagerServant INFO Master manager not found
2022-10-31 20:40:46,621 file.ManagerServant INFO Master manager not found
2022-10-31 20:40:56,743 file.ManagerServant INFO Master manager not found
2022-10-31 20:41:06,848 file.ManagerServant INFO Master manager not found
2022-10-31 20:41:16,945 file.ManagerServant INFO Master manager not found
2022-10-31 20:41:26,947 file.ManagerServant INFO Master manager not found
2022-10-31 20:41:36,961 file.ManagerServant INFO Master manager not found
2022-10-31 20:41:46,969 file.ManagerServant INFO Master manager not found
2022-10-31 20:41:56,982 file.ManagerServant INFO Master manager not found
2022-10-31 20:42:06,963 file.ManagerServant INFO Master manager not found
2022-10-31 20:42:17,074 file.ManagerServant INFO Master manager not found
2022-10-31 20:42:27,139 file.ManagerServant INFO Master manager not found
2022-10-31 20:42:37,213 file.ManagerServant INFO Master manager not found
2022-10-31 20:42:47,321 file.ManagerServant INFO Master manager not found
2022-10-31 20:42:57,322 file.ManagerServant INFO Master manager not found
2022-10-31 20:43:07,413 file.ManagerServant INFO Master manager not found
2022-10-31 20:43:17,500 file.ManagerServant INFO Master manager not found
2022-10-31 20:43:27,619 file.ManagerServant INFO Master manager not found
2022-10-31 20:43:37,624 file.ManagerServant INFO Master manager not found
2022-10-31 20:43:47,642 file.ManagerServant INFO Master manager not found
2022-10-31 20:43:57,640 file.ManagerServant INFO Master manager not found
2022-10-31 20:44:07,650 file.ManagerServant INFO Master manager not found
2022-10-31 20:44:17,659 file.ManagerServant INFO Master manager not found
2022-10-31 20:44:27,667 file.ManagerServant INFO Master manager not found
2022-10-31 20:44:37,660 file.ManagerServant INFO Master manager not found
2022-10-31 20:44:47,767 file.ManagerServant INFO Master manager not found
2022-10-31 20:44:57,871 file.ManagerServant INFO Master manager not found
2022-10-31 20:45:07,863 file.ManagerServant INFO Master manager not found
2022-10-31 20:45:17,981 file.ManagerServant INFO Master manager not found
2022-10-31 20:45:27,986 file.ManagerServant INFO Master manager not found
2022-10-31 20:45:38,063 file.ManagerServant INFO Master manager not found
2022-10-31 20:45:48,168 file.ManagerServant INFO Master manager not found
2022-10-31 20:45:58,183 file.ManagerServant INFO Master manager not found
2022-10-31 20:46:08,200 file.ManagerServant INFO Master manager not found
2022-10-31 20:46:18,201 file.ManagerServant INFO Master manager not found
2022-10-31 20:46:28,206 file.ManagerServant INFO Master manager not found
2022-10-31 20:46:38,205 file.ManagerServant INFO Master manager not found
2022-10-31 20:46:48,319 file.ManagerServant INFO Master manager not found
2022-10-31 20:46:58,429 file.ManagerServant INFO Master manager not found
2022-10-31 20:47:08,555 file.ManagerServant INFO Master manager not found
2022-10-31 20:47:18,562 file.ManagerServant INFO Master manager not found
2022-10-31 20:47:28,558 file.ManagerServant INFO Master manager not found
2022-10-31 20:47:38,570 file.ManagerServant INFO Master manager not found
2022-10-31 20:47:48,584 file.ManagerServant INFO Master manager not found
2022-10-31 20:47:58,586 file.ManagerServant INFO Master manager not found
2022-10-31 20:48:08,590 file.ManagerServant INFO Master manager not found
2022-10-31 20:48:18,598 file.ManagerServant INFO Master manager not found
2022-10-31 20:48:28,610 file.ManagerServant INFO Master manager not found
2022-10-31 20:48:38,627 file.ManagerServant INFO Master manager not found
2022-10-31 20:48:48,632 file.ManagerServant INFO Master manager not found
2022-10-31 20:48:58,631 file.ManagerServant INFO Master manager not found
2022-10-31 20:49:08,639 file.ManagerServant INFO Master manager not found
2022-10-31 20:49:18,649 file.ManagerServant INFO Master manager not found
2022-10-31 20:49:28,664 file.ManagerServant INFO Master manager not found
2022-10-31 20:49:38,673 file.ManagerServant INFO Master manager not found
2022-10-31 20:49:48,662 file.ManagerServant INFO Master manager not found
2022-10-31 20:49:58,772 file.ManagerServant INFO Master manager not found
2022-10-31 20:50:08,882 file.ManagerServant INFO Master manager not found
2022-10-31 20:50:18,901 file.ManagerServant INFO Master manager not found
2022-10-31 20:50:28,911 file.ManagerServant INFO Master manager not found
2022-10-31 20:50:38,915 file.ManagerServant INFO Master manager not found
2022-10-31 20:50:49,044 file.ManagerServant INFO Master manager not found
2022-10-31 20:50:59,067 file.ManagerServant INFO Master manager not found
2022-10-31 20:51:09,069 file.ManagerServant INFO Master manager not found
2022-10-31 20:51:19,076 file.ManagerServant INFO Master manager not found
2022-10-31 20:51:29,078 file.ManagerServant INFO Master manager not found
2022-10-31 20:51:39,088 file.ManagerServant INFO Master manager not found
2022-10-31 20:51:49,189 file.ManagerServant INFO Master manager not found
2022-10-31 20:51:59,299 file.ManagerServant INFO Master manager not found
2022-10-31 20:52:09,318 file.ManagerServant INFO Master manager not found
2022-10-31 20:52:19,334 file.ManagerServant INFO Master manager not found
2022-10-31 20:52:29,340 file.ManagerServant INFO Master manager not found
2022-10-31 20:52:39,342 file.ManagerServant INFO Master manager not found
2022-10-31 20:52:49,339 file.ManagerServant INFO Master manager not found
2022-10-31 20:52:59,465 file.ManagerServant INFO Master manager not found
2022-10-31 20:53:09,473 file.ManagerServant INFO Master manager not found
2022-10-31 20:53:19,479 file.ManagerServant INFO Master manager not found
2022-10-31 20:53:29,496 file.ManagerServant INFO Master manager not found
2022-10-31 20:53:39,504 file.ManagerServant INFO Master manager not found
2022-10-31 20:53:49,518 file.ManagerServant INFO Master manager not found
2022-10-31 20:53:59,524 file.ManagerServant INFO Master manager not found
2022-10-31 20:54:09,533 file.ManagerServant INFO Master manager not found
2022-10-31 20:54:19,645 file.ManagerServant INFO Master manager not found
2022-10-31 20:54:29,654 file.ManagerServant INFO Master manager not found
2022-10-31 20:54:39,662 file.ManagerServant INFO Master manager not found
2022-10-31 20:54:49,664 file.ManagerServant INFO Master manager not found
2022-10-31 20:54:59,670 file.ManagerServant INFO Master manager not found
2022-10-31 20:55:09,676 file.ManagerServant INFO Master manager not found
2022-10-31 20:55:19,691 file.ManagerServant INFO Master manager not found
2022-10-31 20:55:29,697 file.ManagerServant INFO Master manager not found
2022-10-31 20:55:39,713 file.ManagerServant INFO Master manager not found
2022-10-31 20:55:49,715 file.ManagerServant INFO Master manager not found
2022-10-31 20:55:59,832 file.ManagerServant INFO Master manager not found
2022-10-31 20:56:09,855 file.ManagerServant INFO Master manager not found
2022-10-31 20:56:19,880 file.ManagerServant INFO Master manager not found
2022-10-31 20:56:29,879 file.ManagerServant INFO Master manager not found
2022-10-31 20:56:40,001 file.ManagerServant INFO Master manager not found
2022-10-31 20:56:50,008 file.ManagerServant INFO Master manager not found
2022-10-31 20:57:00,017 file.ManagerServant INFO Master manager not found
2022-10-31 20:57:10,025 file.ManagerServant INFO Master manager not found
2022-10-31 20:57:20,039 file.ManagerServant INFO Master manager not found
2022-10-31 20:57:30,052 file.ManagerServant INFO Master manager not found
2022-10-31 20:57:40,059 file.ManagerServant INFO Master manager not found
2022-10-31 20:57:50,070 file.ManagerServant INFO Master manager not found
2022-10-31 20:58:00,104 file.ManagerServant INFO Master manager not found
2022-10-31 20:58:10,116 file.ManagerServant INFO Master manager not found
2022-10-31 20:58:20,124 file.ManagerServant INFO Master manager not found
2022-10-31 20:58:30,132 file.ManagerServant INFO Master manager not found
2022-10-31 20:58:40,136 file.ManagerServant INFO Master manager not found
2022-10-31 20:58:50,146 file.ManagerServant INFO Master manager not found
2022-10-31 20:59:00,154 file.ManagerServant INFO Master manager not found
2022-10-31 20:59:10,227 file.ManagerServant INFO Master manager not found
2022-10-31 20:59:20,350 file.ManagerServant INFO Master manager not found
2022-10-31 20:59:30,346 file.ManagerServant INFO Master manager not found
2022-10-31 20:59:40,345 file.ManagerServant INFO Master manager not found
2022-10-31 20:59:50,447 file.ManagerServant INFO Master manager not found
2022-10-31 21:00:00,456 file.ManagerServant INFO Master manager not found
2022-10-31 21:00:10,466 file.ManagerServant INFO Master manager not found
2022-10-31 21:00:20,471 file.ManagerServant INFO Master manager not found
2022-10-31 21:00:30,578 file.ManagerServant INFO Master manager not found
2022-10-31 21:00:40,592 file.ManagerServant INFO Master manager not found
2022-10-31 21:00:50,602 file.ManagerServant INFO Master manager not found
2022-10-31 21:01:00,615 file.ManagerServant INFO Master manager not found
