2022-10-24 02:21:37,622 file.manager INFO 2.0.0
2022-10-24 02:21:37,622 file.manager INFO Copyright (C) 2003-2022, Noriaki Ando and OpenRTM development team,
2022-10-24 02:21:37,622 file.manager INFO   Intelligent Systems Research Institute, AIST,
2022-10-24 02:21:37,622 file.manager INFO Copyright (C) 2022, Noriaki Ando and OpenRTM development team,
2022-10-24 02:21:37,622 file.manager INFO   Industrial Cyber-Physical Research Center, AIST,
2022-10-24 02:21:37,622 file.manager INFO   All right reserved.
2022-10-24 02:21:37,622 file.manager INFO Manager starting.
2022-10-24 02:21:37,622 file.manager INFO Starting local logging.
2022-10-24 02:21:37,633 file.manager.namingmanager INFO NameServer connection succeeded: corba/localhost
2022-10-24 02:21:41,691 file.ManagerServant INFO Master manager not found
2022-10-24 02:21:41,693 file.LocalServiceAdmin INFO All the local services are enabled.
2022-10-24 02:21:41,697 file.manager INFO Component type conf file: write_SQL.conf loaded.
2022-10-24 02:21:41,699 file.ec_base INFO setRate(1000000.000000) done
2022-10-24 02:21:41,699 file.ec_base INFO setRate(1000.000000) done
2022-10-24 02:21:41,699 file.rtobject INFO 1 execution context was created.
2022-10-24 02:21:41,702 file.rtobject INFO Initial active configuration set is default.
2022-10-24 02:21:55,821 file.ManagerServant INFO Master manager not found
2022-10-24 02:22:05,873 file.ManagerServant INFO Master manager not found
2022-10-24 02:22:12,310 file.SdoServiceAdmin WARNING No available SDO service in the factory: 
2022-10-24 02:22:12,310 file.SdoServiceAdmin ERROR type  not exists.
2022-10-24 02:22:16,003 file.ManagerServant INFO Master manager not found
2022-10-24 02:22:26,037 file.ManagerServant INFO Master manager not found
2022-10-24 02:22:36,131 file.ManagerServant INFO Master manager not found
