2022-10-23 22:27:16,553 file.manager INFO 2.0.0
2022-10-23 22:27:16,553 file.manager INFO Copyright (C) 2003-2022, Noriaki Ando and OpenRTM development team,
2022-10-23 22:27:16,553 file.manager INFO   Intelligent Systems Research Institute, AIST,
2022-10-23 22:27:16,553 file.manager INFO Copyright (C) 2022, Noriaki Ando and OpenRTM development team,
2022-10-23 22:27:16,553 file.manager INFO   Industrial Cyber-Physical Research Center, AIST,
2022-10-23 22:27:16,553 file.manager INFO   All right reserved.
2022-10-23 22:27:16,553 file.manager INFO Manager starting.
2022-10-23 22:27:16,553 file.manager INFO Starting local logging.
2022-10-23 22:27:16,577 file.manager.namingmanager INFO NameServer connection succeeded: corba/localhost
2022-10-23 22:27:20,661 file.ManagerServant INFO Master manager not found
2022-10-23 22:27:20,661 file.LocalServiceAdmin INFO All the local services are enabled.
2022-10-23 22:27:20,677 file.manager INFO Component type conf file: id2signal.conf loaded.
2022-10-23 22:27:20,685 file.ec_base INFO setRate(1000000.000000) done
2022-10-23 22:27:20,685 file.ec_base INFO setRate(1000.000000) done
2022-10-23 22:27:20,685 file.rtobject INFO 1 execution context was created.
2022-10-23 22:27:20,685 file.rtobject INFO Initial active configuration set is default.
2022-10-23 22:27:34,940 file.ManagerServant INFO Master manager not found
2022-10-23 22:27:44,926 file.ManagerServant INFO Master manager not found
2022-10-23 22:27:55,000 file.ManagerServant INFO Master manager not found
2022-10-23 22:28:05,076 file.ManagerServant INFO Master manager not found
2022-10-23 22:28:15,129 file.ManagerServant INFO Master manager not found
2022-10-23 22:28:25,163 file.ManagerServant INFO Master manager not found
2022-10-23 22:28:35,824 file.ManagerServant INFO Master manager not found
2022-10-23 22:28:45,875 file.ManagerServant INFO Master manager not found
2022-10-23 22:28:55,353 file.ManagerServant INFO Master manager not found
2022-10-23 22:29:05,349 file.ManagerServant INFO Master manager not found
2022-10-23 22:29:15,423 file.ManagerServant INFO Master manager not found
2022-10-23 22:29:25,516 file.ManagerServant INFO Master manager not found
2022-10-23 22:29:35,631 file.ManagerServant INFO Master manager not found
2022-10-23 22:29:45,651 file.ManagerServant INFO Master manager not found
2022-10-23 22:29:55,685 file.ManagerServant INFO Master manager not found
2022-10-23 22:30:05,727 file.ManagerServant INFO Master manager not found
2022-10-23 22:30:15,846 file.ManagerServant INFO Master manager not found
2022-10-23 22:30:26,180 file.ManagerServant INFO Master manager not found
2022-10-23 22:30:35,959 file.ManagerServant INFO Master manager not found
2022-10-23 22:30:45,963 file.ManagerServant INFO Master manager not found
2022-10-23 22:30:55,989 file.ManagerServant INFO Master manager not found
2022-10-23 22:31:06,063 file.ManagerServant INFO Master manager not found
2022-10-23 22:31:16,051 file.ManagerServant INFO Master manager not found
2022-10-23 22:31:26,165 file.ManagerServant INFO Master manager not found
2022-10-23 22:31:36,248 file.ManagerServant INFO Master manager not found
2022-10-23 22:31:46,354 file.ManagerServant INFO Master manager not found
2022-10-23 22:31:56,449 file.ManagerServant INFO Master manager not found
2022-10-23 22:32:06,571 file.ManagerServant INFO Master manager not found
2022-10-23 22:32:16,670 file.ManagerServant INFO Master manager not found
2022-10-23 22:32:26,762 file.ManagerServant INFO Master manager not found
2022-10-23 22:32:36,837 file.ManagerServant INFO Master manager not found
2022-10-23 22:32:46,880 file.ManagerServant INFO Master manager not found
2022-10-23 22:32:57,387 file.ManagerServant INFO Master manager not found
2022-10-23 22:33:07,777 file.ManagerServant INFO Master manager not found
2022-10-23 22:33:17,616 file.ManagerServant INFO Master manager not found
2022-10-23 22:33:27,786 file.ManagerServant INFO Master manager not found
2022-10-23 22:33:37,924 file.ManagerServant INFO Master manager not found
2022-10-23 22:33:47,886 file.ManagerServant INFO Master manager not found
2022-10-23 22:33:57,888 file.ManagerServant INFO Master manager not found
2022-10-23 22:34:08,213 file.ManagerServant INFO Master manager not found
2022-10-23 22:34:18,563 file.ManagerServant INFO Master manager not found
2022-10-23 22:34:30,766 file.ManagerServant INFO Master manager not found
2022-10-23 22:34:41,089 file.ManagerServant INFO Master manager not found
2022-10-23 22:34:51,228 file.ManagerServant INFO Master manager not found
2022-10-23 22:35:01,285 file.ManagerServant INFO Master manager not found
2022-10-23 22:35:10,757 file.ManagerServant INFO Master manager not found
2022-10-23 22:35:20,585 file.ManagerServant INFO Master manager not found
2022-10-23 22:35:30,725 file.ManagerServant INFO Master manager not found
2022-10-23 22:35:40,705 file.ManagerServant INFO Master manager not found
2022-10-23 22:35:50,754 file.ManagerServant INFO Master manager not found
2022-10-23 22:36:01,627 file.ManagerServant INFO Master manager not found
2022-10-23 22:36:11,341 file.ManagerServant INFO Master manager not found
2022-10-23 22:36:21,216 file.ManagerServant INFO Master manager not found
2022-10-23 22:36:30,974 file.ManagerServant INFO Master manager not found
2022-10-23 22:36:41,117 file.ManagerServant INFO Master manager not found
2022-10-23 22:36:51,153 file.ManagerServant INFO Master manager not found
2022-10-23 22:37:01,281 file.ManagerServant INFO Master manager not found
2022-10-23 22:37:11,373 file.ManagerServant INFO Master manager not found
2022-10-23 22:37:21,433 file.ManagerServant INFO Master manager not found
2022-10-23 22:37:31,483 file.ManagerServant INFO Master manager not found
2022-10-23 22:37:41,939 file.ManagerServant INFO Master manager not found
2022-10-23 22:37:52,469 file.ManagerServant INFO Master manager not found
2022-10-23 22:38:01,714 file.ManagerServant INFO Master manager not found
2022-10-23 22:38:12,368 file.ManagerServant INFO Master manager not found
2022-10-23 22:38:22,461 file.ManagerServant INFO Master manager not found
2022-10-23 22:38:32,461 file.ManagerServant INFO Master manager not found
2022-10-23 22:38:42,438 file.ManagerServant INFO Master manager not found
2022-10-23 22:38:51,938 file.ManagerServant INFO Master manager not found
2022-10-23 22:39:02,039 file.ManagerServant INFO Master manager not found
2022-10-23 22:39:12,265 file.ManagerServant INFO Master manager not found
2022-10-23 22:39:22,354 file.ManagerServant INFO Master manager not found
2022-10-23 22:39:32,325 file.ManagerServant INFO Master manager not found
2022-10-23 22:39:42,421 file.ManagerServant INFO Master manager not found
2022-10-23 22:39:52,488 file.ManagerServant INFO Master manager not found
2022-10-23 22:40:02,468 file.ManagerServant INFO Master manager not found
2022-10-23 22:40:12,505 file.ManagerServant INFO Master manager not found
2022-10-23 22:40:22,523 file.ManagerServant INFO Master manager not found
2022-10-23 22:40:33,026 file.ManagerServant INFO Master manager not found
2022-10-23 22:40:42,912 file.ManagerServant INFO Master manager not found
2022-10-23 22:40:52,968 file.ManagerServant INFO Master manager not found
2022-10-23 22:41:03,031 file.ManagerServant INFO Master manager not found
2022-10-23 22:41:13,063 file.ManagerServant INFO Master manager not found
2022-10-23 22:41:23,114 file.ManagerServant INFO Master manager not found
2022-10-23 22:41:33,178 file.ManagerServant INFO Master manager not found
2022-10-23 22:41:43,221 file.ManagerServant INFO Master manager not found
2022-10-23 22:41:53,237 file.ManagerServant INFO Master manager not found
2022-10-23 22:42:03,306 file.ManagerServant INFO Master manager not found
2022-10-23 22:42:13,363 file.ManagerServant INFO Master manager not found
2022-10-23 22:42:23,411 file.ManagerServant INFO Master manager not found
2022-10-23 22:42:33,455 file.ManagerServant INFO Master manager not found
2022-10-23 22:42:43,975 file.ManagerServant INFO Master manager not found
2022-10-23 22:42:53,567 file.ManagerServant INFO Master manager not found
2022-10-23 22:43:03,692 file.ManagerServant INFO Master manager not found
2022-10-23 22:43:13,718 file.ManagerServant INFO Master manager not found
2022-10-23 22:43:23,726 file.ManagerServant INFO Master manager not found
2022-10-23 22:43:33,812 file.ManagerServant INFO Master manager not found
2022-10-23 22:43:43,907 file.ManagerServant INFO Master manager not found
2022-10-23 22:43:53,947 file.ManagerServant INFO Master manager not found
2022-10-23 22:44:03,974 file.ManagerServant INFO Master manager not found
2022-10-23 22:44:14,033 file.ManagerServant INFO Master manager not found
2022-10-23 22:44:24,127 file.ManagerServant INFO Master manager not found
2022-10-23 22:44:34,197 file.ManagerServant INFO Master manager not found
2022-10-23 22:44:44,253 file.ManagerServant INFO Master manager not found
2022-10-23 22:44:54,331 file.ManagerServant INFO Master manager not found
2022-10-23 22:45:04,352 file.ManagerServant INFO Master manager not found
2022-10-23 22:45:14,403 file.ManagerServant INFO Master manager not found
2022-10-23 22:45:24,484 file.ManagerServant INFO Master manager not found
2022-10-23 22:45:34,538 file.ManagerServant INFO Master manager not found
2022-10-23 22:45:44,615 file.ManagerServant INFO Master manager not found
2022-10-23 22:45:54,639 file.ManagerServant INFO Master manager not found
2022-10-23 22:46:04,719 file.ManagerServant INFO Master manager not found
2022-10-23 22:46:14,773 file.ManagerServant INFO Master manager not found
2022-10-23 22:46:24,830 file.ManagerServant INFO Master manager not found
2022-10-23 22:46:34,911 file.ManagerServant INFO Master manager not found
2022-10-23 22:46:45,006 file.ManagerServant INFO Master manager not found
2022-10-23 22:46:55,086 file.ManagerServant INFO Master manager not found
2022-10-23 22:47:05,084 file.ManagerServant INFO Master manager not found
2022-10-23 22:47:15,133 file.ManagerServant INFO Master manager not found
2022-10-23 22:47:25,211 file.ManagerServant INFO Master manager not found
2022-10-23 22:47:35,412 file.ManagerServant INFO Master manager not found
2022-10-23 22:47:45,333 file.ManagerServant INFO Master manager not found
2022-10-23 22:47:55,383 file.ManagerServant INFO Master manager not found
2022-10-23 22:48:05,435 file.ManagerServant INFO Master manager not found
2022-10-23 22:48:15,441 file.ManagerServant INFO Master manager not found
2022-10-23 22:48:25,511 file.ManagerServant INFO Master manager not found
2022-10-23 22:48:35,580 file.ManagerServant INFO Master manager not found
2022-10-23 22:48:45,652 file.ManagerServant INFO Master manager not found
2022-10-23 22:48:55,683 file.ManagerServant INFO Master manager not found
2022-10-23 22:49:05,768 file.ManagerServant INFO Master manager not found
2022-10-23 22:49:15,824 file.ManagerServant INFO Master manager not found
2022-10-23 22:49:25,845 file.ManagerServant INFO Master manager not found
2022-10-23 22:49:35,932 file.ManagerServant INFO Master manager not found
2022-10-23 22:49:45,979 file.ManagerServant INFO Master manager not found
2022-10-23 22:49:55,997 file.ManagerServant INFO Master manager not found
2022-10-23 22:50:06,021 file.ManagerServant INFO Master manager not found
2022-10-23 22:50:16,147 file.ManagerServant INFO Master manager not found
2022-10-23 22:50:26,196 file.ManagerServant INFO Master manager not found
2022-10-23 22:50:36,287 file.ManagerServant INFO Master manager not found
2022-10-23 22:50:46,390 file.ManagerServant INFO Master manager not found
2022-10-23 22:50:56,406 file.ManagerServant INFO Master manager not found
2022-10-23 22:51:06,454 file.ManagerServant INFO Master manager not found
2022-10-23 22:51:16,515 file.ManagerServant INFO Master manager not found
2022-10-23 22:51:26,545 file.ManagerServant INFO Master manager not found
2022-10-23 22:51:36,593 file.ManagerServant INFO Master manager not found
2022-10-23 22:51:46,655 file.ManagerServant INFO Master manager not found
2022-10-23 22:51:56,720 file.ManagerServant INFO Master manager not found
2022-10-23 22:52:06,767 file.ManagerServant INFO Master manager not found
2022-10-23 22:52:16,846 file.ManagerServant INFO Master manager not found
2022-10-23 22:52:26,858 file.ManagerServant INFO Master manager not found
2022-10-23 22:52:36,905 file.ManagerServant INFO Master manager not found
2022-10-23 22:52:46,920 file.ManagerServant INFO Master manager not found
2022-10-23 22:52:56,959 file.ManagerServant INFO Master manager not found
2022-10-23 22:53:06,998 file.ManagerServant INFO Master manager not found
2022-10-23 22:53:17,007 file.ManagerServant INFO Master manager not found
2022-10-23 22:53:27,068 file.ManagerServant INFO Master manager not found
2022-10-23 22:53:37,143 file.ManagerServant INFO Master manager not found
2022-10-23 22:53:47,205 file.ManagerServant INFO Master manager not found
2022-10-23 22:53:57,271 file.ManagerServant INFO Master manager not found
2022-10-23 22:54:07,293 file.ManagerServant INFO Master manager not found
2022-10-23 22:54:17,372 file.ManagerServant INFO Master manager not found
2022-10-23 22:54:27,417 file.ManagerServant INFO Master manager not found
2022-10-23 22:54:37,511 file.ManagerServant INFO Master manager not found
2022-10-23 22:54:47,537 file.ManagerServant INFO Master manager not found
2022-10-23 22:54:57,615 file.ManagerServant INFO Master manager not found
2022-10-23 22:55:07,670 file.ManagerServant INFO Master manager not found
2022-10-23 22:55:17,755 file.ManagerServant INFO Master manager not found
2022-10-23 22:55:27,813 file.ManagerServant INFO Master manager not found
2022-10-23 22:55:37,903 file.ManagerServant INFO Master manager not found
2022-10-23 22:55:47,976 file.ManagerServant INFO Master manager not found
2022-10-23 22:55:58,026 file.ManagerServant INFO Master manager not found
2022-10-23 22:56:08,061 file.ManagerServant INFO Master manager not found
2022-10-23 22:56:18,149 file.ManagerServant INFO Master manager not found
2022-10-23 22:56:28,203 file.ManagerServant INFO Master manager not found
2022-10-23 22:56:38,280 file.ManagerServant INFO Master manager not found
2022-10-23 22:56:48,359 file.ManagerServant INFO Master manager not found
2022-10-23 22:56:58,406 file.ManagerServant INFO Master manager not found
2022-10-23 22:57:08,522 file.ManagerServant INFO Master manager not found
2022-10-23 22:57:18,585 file.ManagerServant INFO Master manager not found
2022-10-23 22:57:28,618 file.ManagerServant INFO Master manager not found
2022-10-23 22:57:38,707 file.ManagerServant INFO Master manager not found
2022-10-23 22:57:48,746 file.ManagerServant INFO Master manager not found
2022-10-23 22:57:58,853 file.ManagerServant INFO Master manager not found
2022-10-23 22:58:09,605 file.ManagerServant INFO Master manager not found
2022-10-23 22:58:19,944 file.ManagerServant INFO Master manager not found
2022-10-23 22:58:29,904 file.ManagerServant INFO Master manager not found
2022-10-23 22:58:39,846 file.ManagerServant INFO Master manager not found
2022-10-23 22:58:50,003 file.ManagerServant INFO Master manager not found
2022-10-23 22:58:59,860 file.ManagerServant INFO Master manager not found
2022-10-23 22:59:10,357 file.ManagerServant INFO Master manager not found
2022-10-23 22:59:20,098 file.ManagerServant INFO Master manager not found
2022-10-23 22:59:29,790 file.ManagerServant INFO Master manager not found
2022-10-23 22:59:40,647 file.ManagerServant INFO Master manager not found
2022-10-23 22:59:50,050 file.ManagerServant INFO Master manager not found
2022-10-23 23:00:00,201 file.ManagerServant INFO Master manager not found
2022-10-23 23:00:10,335 file.ManagerServant INFO Master manager not found
2022-10-23 23:00:20,242 file.ManagerServant INFO Master manager not found
2022-10-23 23:00:30,006 file.ManagerServant INFO Master manager not found
2022-10-23 23:00:40,408 file.ManagerServant INFO Master manager not found
2022-10-23 23:00:49,990 file.ManagerServant INFO Master manager not found
2022-10-23 23:01:00,076 file.ManagerServant INFO Master manager not found
2022-10-23 23:01:10,116 file.ManagerServant INFO Master manager not found
2022-10-23 23:01:20,134 file.ManagerServant INFO Master manager not found
2022-10-23 23:01:30,234 file.ManagerServant INFO Master manager not found
2022-10-23 23:01:40,277 file.ManagerServant INFO Master manager not found
2022-10-23 23:01:50,729 file.ManagerServant INFO Master manager not found
2022-10-23 23:02:00,939 file.ManagerServant INFO Master manager not found
2022-10-23 23:02:11,042 file.ManagerServant INFO Master manager not found
2022-10-23 23:02:20,878 file.ManagerServant INFO Master manager not found
2022-10-23 23:02:30,744 file.ManagerServant INFO Master manager not found
2022-10-23 23:02:40,646 file.ManagerServant INFO Master manager not found
2022-10-23 23:02:50,693 file.ManagerServant INFO Master manager not found
2022-10-23 23:03:00,791 file.ManagerServant INFO Master manager not found
2022-10-23 23:03:10,828 file.ManagerServant INFO Master manager not found
2022-10-23 23:03:21,440 file.ManagerServant INFO Master manager not found
2022-10-23 23:03:31,265 file.ManagerServant INFO Master manager not found
2022-10-23 23:03:41,441 file.ManagerServant INFO Master manager not found
2022-10-23 23:03:51,497 file.ManagerServant INFO Master manager not found
2022-10-23 23:04:01,828 file.ManagerServant INFO Master manager not found
2022-10-23 23:04:11,934 file.ManagerServant INFO Master manager not found
2022-10-23 23:04:22,108 file.ManagerServant INFO Master manager not found
2022-10-23 23:04:31,805 file.ManagerServant INFO Master manager not found
2022-10-23 23:04:41,920 file.ManagerServant INFO Master manager not found
2022-10-23 23:04:51,912 file.ManagerServant INFO Master manager not found
2022-10-23 23:05:02,009 file.ManagerServant INFO Master manager not found
2022-10-23 23:05:12,239 file.ManagerServant INFO Master manager not found
2022-10-23 23:05:21,566 file.ManagerServant INFO Master manager not found
2022-10-23 23:05:31,572 file.ManagerServant INFO Master manager not found
2022-10-23 23:05:41,597 file.ManagerServant INFO Master manager not found
2022-10-23 23:05:51,596 file.ManagerServant INFO Master manager not found
2022-10-23 23:06:01,715 file.ManagerServant INFO Master manager not found
2022-10-23 23:06:11,736 file.ManagerServant INFO Master manager not found
2022-10-23 23:06:21,739 file.ManagerServant INFO Master manager not found
2022-10-23 23:06:31,833 file.ManagerServant INFO Master manager not found
2022-10-23 23:06:41,926 file.ManagerServant INFO Master manager not found
2022-10-23 23:06:51,995 file.ManagerServant INFO Master manager not found
2022-10-23 23:07:01,997 file.ManagerServant INFO Master manager not found
2022-10-23 23:07:12,006 file.ManagerServant INFO Master manager not found
2022-10-23 23:07:22,103 file.ManagerServant INFO Master manager not found
2022-10-23 23:07:32,118 file.ManagerServant INFO Master manager not found
2022-10-23 23:07:42,211 file.ManagerServant INFO Master manager not found
2022-10-23 23:07:52,322 file.ManagerServant INFO Master manager not found
2022-10-23 23:08:02,438 file.ManagerServant INFO Master manager not found
2022-10-23 23:08:12,458 file.ManagerServant INFO Master manager not found
2022-10-23 23:08:22,671 file.ManagerServant INFO Master manager not found
2022-10-23 23:08:32,468 file.ManagerServant INFO Master manager not found
2022-10-23 23:08:42,455 file.ManagerServant INFO Master manager not found
2022-10-23 23:08:52,568 file.ManagerServant INFO Master manager not found
2022-10-23 23:09:02,682 file.ManagerServant INFO Master manager not found
2022-10-23 23:09:12,682 file.ManagerServant INFO Master manager not found
2022-10-23 23:09:22,779 file.ManagerServant INFO Master manager not found
2022-10-23 23:09:33,701 file.ManagerServant INFO Master manager not found
2022-10-23 23:09:43,298 file.ManagerServant INFO Master manager not found
2022-10-23 23:09:53,495 file.ManagerServant INFO Master manager not found
2022-10-23 23:10:03,096 file.ManagerServant INFO Master manager not found
2022-10-23 23:10:13,154 file.ManagerServant INFO Master manager not found
2022-10-23 23:10:23,251 file.ManagerServant INFO Master manager not found
2022-10-23 23:10:33,255 file.ManagerServant INFO Master manager not found
2022-10-23 23:10:43,259 file.ManagerServant INFO Master manager not found
2022-10-23 23:10:53,373 file.ManagerServant INFO Master manager not found
2022-10-23 23:11:04,032 file.ManagerServant INFO Master manager not found
2022-10-23 23:11:14,202 file.ManagerServant INFO Master manager not found
2022-10-23 23:11:24,103 file.ManagerServant INFO Master manager not found
2022-10-23 23:11:34,172 file.ManagerServant INFO Master manager not found
2022-10-23 23:11:43,623 file.ManagerServant INFO Master manager not found
2022-10-23 23:11:53,707 file.ManagerServant INFO Master manager not found
2022-10-23 23:12:03,808 file.ManagerServant INFO Master manager not found
2022-10-23 23:12:13,898 file.ManagerServant INFO Master manager not found
2022-10-23 23:12:23,986 file.ManagerServant INFO Master manager not found
2022-10-23 23:12:34,081 file.ManagerServant INFO Master manager not found
2022-10-23 23:12:44,185 file.ManagerServant INFO Master manager not found
2022-10-23 23:12:54,294 file.ManagerServant INFO Master manager not found
2022-10-23 23:13:04,290 file.ManagerServant INFO Master manager not found
2022-10-23 23:13:14,386 file.ManagerServant INFO Master manager not found
2022-10-23 23:13:25,010 file.ManagerServant INFO Master manager not found
2022-10-23 23:13:34,852 file.ManagerServant INFO Master manager not found
2022-10-23 23:13:44,966 file.ManagerServant INFO Master manager not found
2022-10-23 23:13:55,166 file.ManagerServant INFO Master manager not found
2022-10-23 23:14:05,155 file.ManagerServant INFO Master manager not found
2022-10-23 23:14:15,268 file.ManagerServant INFO Master manager not found
2022-10-23 23:14:25,342 file.ManagerServant INFO Master manager not found
2022-10-23 23:14:35,543 file.ManagerServant INFO Master manager not found
2022-10-23 23:14:45,484 file.ManagerServant INFO Master manager not found
2022-10-23 23:14:55,262 file.ManagerServant INFO Master manager not found
2022-10-23 23:15:05,380 file.ManagerServant INFO Master manager not found
2022-10-23 23:15:15,954 file.ManagerServant INFO Master manager not found
2022-10-23 23:15:26,353 file.ManagerServant INFO Master manager not found
2022-10-23 23:15:35,528 file.ManagerServant INFO Master manager not found
2022-10-23 23:15:45,585 file.ManagerServant INFO Master manager not found
2022-10-23 23:15:55,650 file.ManagerServant INFO Master manager not found
2022-10-23 23:16:05,766 file.ManagerServant INFO Master manager not found
2022-10-23 23:16:15,781 file.ManagerServant INFO Master manager not found
2022-10-23 23:16:25,847 file.ManagerServant INFO Master manager not found
2022-10-23 23:16:35,865 file.ManagerServant INFO Master manager not found
2022-10-23 23:16:45,865 file.ManagerServant INFO Master manager not found
2022-10-23 23:16:55,928 file.ManagerServant INFO Master manager not found
2022-10-23 23:17:05,981 file.ManagerServant INFO Master manager not found
2022-10-23 23:17:15,996 file.ManagerServant INFO Master manager not found
2022-10-23 23:17:26,038 file.ManagerServant INFO Master manager not found
2022-10-23 23:17:36,105 file.ManagerServant INFO Master manager not found
2022-10-23 23:17:46,161 file.ManagerServant INFO Master manager not found
2022-10-23 23:17:56,261 file.ManagerServant INFO Master manager not found
2022-10-23 23:18:06,323 file.ManagerServant INFO Master manager not found
2022-10-23 23:18:16,425 file.ManagerServant INFO Master manager not found
2022-10-23 23:18:26,470 file.ManagerServant INFO Master manager not found
2022-10-23 23:18:36,517 file.ManagerServant INFO Master manager not found
2022-10-23 23:18:46,596 file.ManagerServant INFO Master manager not found
2022-10-23 23:18:56,595 file.ManagerServant INFO Master manager not found
2022-10-23 23:19:06,578 file.ManagerServant INFO Master manager not found
2022-10-23 23:19:16,620 file.ManagerServant INFO Master manager not found
2022-10-23 23:19:26,673 file.ManagerServant INFO Master manager not found
2022-10-23 23:19:36,732 file.ManagerServant INFO Master manager not found
2022-10-23 23:19:46,773 file.ManagerServant INFO Master manager not found
2022-10-23 23:19:56,862 file.ManagerServant INFO Master manager not found
2022-10-23 23:20:06,903 file.ManagerServant INFO Master manager not found
2022-10-23 23:20:17,014 file.ManagerServant INFO Master manager not found
2022-10-23 23:20:27,018 file.ManagerServant INFO Master manager not found
2022-10-23 23:20:37,065 file.ManagerServant INFO Master manager not found
2022-10-23 23:20:47,195 file.ManagerServant INFO Master manager not found
2022-10-23 23:20:57,240 file.ManagerServant INFO Master manager not found
2022-10-23 23:21:07,301 file.ManagerServant INFO Master manager not found
2022-10-23 23:21:17,369 file.ManagerServant INFO Master manager not found
2022-10-23 23:21:27,437 file.ManagerServant INFO Master manager not found
2022-10-23 23:21:37,485 file.ManagerServant INFO Master manager not found
2022-10-23 23:21:47,523 file.ManagerServant INFO Master manager not found
2022-10-23 23:21:57,532 file.ManagerServant INFO Master manager not found
2022-10-23 23:22:08,043 file.ManagerServant INFO Master manager not found
2022-10-23 23:22:17,634 file.ManagerServant INFO Master manager not found
2022-10-23 23:22:27,715 file.ManagerServant INFO Master manager not found
2022-10-23 23:22:37,776 file.ManagerServant INFO Master manager not found
2022-10-23 23:22:47,856 file.ManagerServant INFO Master manager not found
2022-10-23 23:22:57,854 file.ManagerServant INFO Master manager not found
2022-10-23 23:23:07,910 file.ManagerServant INFO Master manager not found
2022-10-23 23:23:17,942 file.ManagerServant INFO Master manager not found
2022-10-23 23:23:27,981 file.ManagerServant INFO Master manager not found
2022-10-23 23:23:38,008 file.ManagerServant INFO Master manager not found
2022-10-23 23:23:48,044 file.ManagerServant INFO Master manager not found
2022-10-23 23:23:58,141 file.ManagerServant INFO Master manager not found
2022-10-23 23:24:08,196 file.ManagerServant INFO Master manager not found
2022-10-23 23:24:18,260 file.ManagerServant INFO Master manager not found
2022-10-23 23:24:28,363 file.ManagerServant INFO Master manager not found
2022-10-23 23:24:38,426 file.ManagerServant INFO Master manager not found
2022-10-23 23:24:48,455 file.ManagerServant INFO Master manager not found
2022-10-23 23:24:58,505 file.ManagerServant INFO Master manager not found
2022-10-23 23:25:08,586 file.ManagerServant INFO Master manager not found
2022-10-23 23:25:18,650 file.ManagerServant INFO Master manager not found
2022-10-23 23:25:28,707 file.ManagerServant INFO Master manager not found
2022-10-23 23:25:38,762 file.ManagerServant INFO Master manager not found
2022-10-23 23:25:48,845 file.ManagerServant INFO Master manager not found
2022-10-23 23:25:58,856 file.ManagerServant INFO Master manager not found
2022-10-23 23:26:08,910 file.ManagerServant INFO Master manager not found
2022-10-23 23:26:18,951 file.ManagerServant INFO Master manager not found
2022-10-23 23:26:28,997 file.ManagerServant INFO Master manager not found
2022-10-23 23:26:39,030 file.ManagerServant INFO Master manager not found
2022-10-23 23:26:49,085 file.ManagerServant INFO Master manager not found
2022-10-23 23:26:59,183 file.ManagerServant INFO Master manager not found
2022-10-23 23:27:09,245 file.ManagerServant INFO Master manager not found
2022-10-23 23:27:19,319 file.ManagerServant INFO Master manager not found
2022-10-23 23:27:29,363 file.ManagerServant INFO Master manager not found
2022-10-23 23:27:39,410 file.ManagerServant INFO Master manager not found
2022-10-23 23:27:49,463 file.ManagerServant INFO Master manager not found
2022-10-23 23:27:59,585 file.ManagerServant INFO Master manager not found
2022-10-23 23:28:09,634 file.ManagerServant INFO Master manager not found
2022-10-23 23:28:20,031 file.ManagerServant INFO Master manager not found
2022-10-23 23:28:30,088 file.ManagerServant INFO Master manager not found
2022-10-23 23:28:39,799 file.ManagerServant INFO Master manager not found
2022-10-23 23:28:49,850 file.ManagerServant INFO Master manager not found
2022-10-23 23:28:59,877 file.ManagerServant INFO Master manager not found
2022-10-23 23:29:09,915 file.ManagerServant INFO Master manager not found
2022-10-23 23:29:20,006 file.ManagerServant INFO Master manager not found
2022-10-23 23:29:30,019 file.ManagerServant INFO Master manager not found
2022-10-23 23:29:40,157 file.ManagerServant INFO Master manager not found
2022-10-23 23:29:50,213 file.ManagerServant INFO Master manager not found
2022-10-23 23:30:00,261 file.ManagerServant INFO Master manager not found
2022-10-23 23:30:10,387 file.ManagerServant INFO Master manager not found
2022-10-23 23:30:20,488 file.ManagerServant INFO Master manager not found
2022-10-23 23:30:30,517 file.ManagerServant INFO Master manager not found
2022-10-23 23:30:40,522 file.ManagerServant INFO Master manager not found
2022-10-23 23:30:50,585 file.ManagerServant INFO Master manager not found
2022-10-23 23:31:00,593 file.ManagerServant INFO Master manager not found
2022-10-23 23:31:10,622 file.ManagerServant INFO Master manager not found
2022-10-23 23:31:20,636 file.ManagerServant INFO Master manager not found
2022-10-23 23:31:30,718 file.ManagerServant INFO Master manager not found
2022-10-23 23:31:40,757 file.ManagerServant INFO Master manager not found
2022-10-23 23:31:50,787 file.ManagerServant INFO Master manager not found
2022-10-23 23:32:00,810 file.ManagerServant INFO Master manager not found
2022-10-23 23:32:10,864 file.ManagerServant INFO Master manager not found
2022-10-23 23:32:20,926 file.ManagerServant INFO Master manager not found
2022-10-23 23:32:30,959 file.ManagerServant INFO Master manager not found
2022-10-23 23:32:40,971 file.ManagerServant INFO Master manager not found
2022-10-23 23:32:51,078 file.ManagerServant INFO Master manager not found
2022-10-23 23:33:01,110 file.ManagerServant INFO Master manager not found
2022-10-23 23:33:11,164 file.ManagerServant INFO Master manager not found
2022-10-23 23:33:21,235 file.ManagerServant INFO Master manager not found
2022-10-23 23:33:31,270 file.ManagerServant INFO Master manager not found
2022-10-23 23:33:41,313 file.ManagerServant INFO Master manager not found
2022-10-23 23:33:51,358 file.ManagerServant INFO Master manager not found
2022-10-23 23:34:01,420 file.ManagerServant INFO Master manager not found
2022-10-23 23:34:11,484 file.ManagerServant INFO Master manager not found
2022-10-23 23:34:21,542 file.ManagerServant INFO Master manager not found
2022-10-23 23:34:31,608 file.ManagerServant INFO Master manager not found
2022-10-23 23:34:41,624 file.ManagerServant INFO Master manager not found
2022-10-23 23:34:51,632 file.ManagerServant INFO Master manager not found
2022-10-23 23:35:01,627 file.ManagerServant INFO Master manager not found
2022-10-23 23:35:11,687 file.ManagerServant INFO Master manager not found
2022-10-23 23:35:21,735 file.ManagerServant INFO Master manager not found
2022-10-23 23:35:31,816 file.ManagerServant INFO Master manager not found
2022-10-23 23:35:41,843 file.ManagerServant INFO Master manager not found
2022-10-23 23:35:51,862 file.ManagerServant INFO Master manager not found
2022-10-23 23:36:01,917 file.ManagerServant INFO Master manager not found
2022-10-23 23:36:12,028 file.ManagerServant INFO Master manager not found
2022-10-23 23:36:22,050 file.ManagerServant INFO Master manager not found
2022-10-23 23:36:32,144 file.ManagerServant INFO Master manager not found
2022-10-23 23:36:42,249 file.ManagerServant INFO Master manager not found
2022-10-23 23:36:52,296 file.ManagerServant INFO Master manager not found
2022-10-23 23:37:02,325 file.ManagerServant INFO Master manager not found
2022-10-23 23:37:12,396 file.ManagerServant INFO Master manager not found
2022-10-23 23:37:22,456 file.ManagerServant INFO Master manager not found
2022-10-23 23:37:32,464 file.ManagerServant INFO Master manager not found
2022-10-23 23:37:42,550 file.ManagerServant INFO Master manager not found
2022-10-23 23:37:52,542 file.ManagerServant INFO Master manager not found
2022-10-23 23:38:02,558 file.ManagerServant INFO Master manager not found
2022-10-23 23:38:12,634 file.ManagerServant INFO Master manager not found
2022-10-23 23:38:22,707 file.ManagerServant INFO Master manager not found
2022-10-23 23:38:32,778 file.ManagerServant INFO Master manager not found
2022-10-23 23:38:42,819 file.ManagerServant INFO Master manager not found
2022-10-23 23:38:52,836 file.ManagerServant INFO Master manager not found
2022-10-23 23:39:02,887 file.ManagerServant INFO Master manager not found
2022-10-23 23:39:12,917 file.ManagerServant INFO Master manager not found
2022-10-23 23:39:22,916 file.ManagerServant INFO Master manager not found
2022-10-23 23:39:32,947 file.ManagerServant INFO Master manager not found
2022-10-23 23:39:43,015 file.ManagerServant INFO Master manager not found
2022-10-23 23:39:53,071 file.ManagerServant INFO Master manager not found
2022-10-23 23:40:03,120 file.ManagerServant INFO Master manager not found
2022-10-23 23:40:13,175 file.ManagerServant INFO Master manager not found
2022-10-23 23:40:23,188 file.ManagerServant INFO Master manager not found
2022-10-23 23:40:33,206 file.ManagerServant INFO Master manager not found
2022-10-23 23:40:43,255 file.ManagerServant INFO Master manager not found
2022-10-23 23:40:53,305 file.ManagerServant INFO Master manager not found
2022-10-23 23:41:03,370 file.ManagerServant INFO Master manager not found
2022-10-23 23:41:13,405 file.ManagerServant INFO Master manager not found
2022-10-23 23:41:23,422 file.ManagerServant INFO Master manager not found
2022-10-23 23:41:33,503 file.ManagerServant INFO Master manager not found
2022-10-23 23:41:43,543 file.ManagerServant INFO Master manager not found
2022-10-23 23:41:53,582 file.ManagerServant INFO Master manager not found
2022-10-23 23:42:03,645 file.ManagerServant INFO Master manager not found
2022-10-23 23:42:13,724 file.ManagerServant INFO Master manager not found
2022-10-23 23:42:23,791 file.ManagerServant INFO Master manager not found
2022-10-23 23:42:33,890 file.ManagerServant INFO Master manager not found
2022-10-23 23:42:43,929 file.ManagerServant INFO Master manager not found
2022-10-23 23:42:53,997 file.ManagerServant INFO Master manager not found
2022-10-23 23:43:04,005 file.ManagerServant INFO Master manager not found
2022-10-23 23:43:14,146 file.ManagerServant INFO Master manager not found
2022-10-23 23:43:24,186 file.ManagerServant INFO Master manager not found
2022-10-23 23:43:34,236 file.ManagerServant INFO Master manager not found
2022-10-23 23:43:44,300 file.ManagerServant INFO Master manager not found
2022-10-23 23:43:54,383 file.ManagerServant INFO Master manager not found
2022-10-23 23:44:04,378 file.ManagerServant INFO Master manager not found
2022-10-23 23:44:14,412 file.ManagerServant INFO Master manager not found
2022-10-23 23:44:24,434 file.ManagerServant INFO Master manager not found
2022-10-23 23:44:34,497 file.ManagerServant INFO Master manager not found
2022-10-23 23:44:44,547 file.ManagerServant INFO Master manager not found
2022-10-23 23:44:54,538 file.ManagerServant INFO Master manager not found
2022-10-23 23:45:04,583 file.ManagerServant INFO Master manager not found
2022-10-23 23:45:14,664 file.ManagerServant INFO Master manager not found
2022-10-23 23:45:24,691 file.ManagerServant INFO Master manager not found
2022-10-23 23:45:34,783 file.ManagerServant INFO Master manager not found
2022-10-23 23:45:44,826 file.ManagerServant INFO Master manager not found
2022-10-23 23:45:54,887 file.ManagerServant INFO Master manager not found
2022-10-23 23:46:04,941 file.ManagerServant INFO Master manager not found
2022-10-23 23:46:15,006 file.ManagerServant INFO Master manager not found
2022-10-23 23:46:25,105 file.ManagerServant INFO Master manager not found
2022-10-23 23:46:35,170 file.ManagerServant INFO Master manager not found
2022-10-23 23:46:45,207 file.ManagerServant INFO Master manager not found
2022-10-23 23:46:55,221 file.ManagerServant INFO Master manager not found
2022-10-23 23:47:05,237 file.ManagerServant INFO Master manager not found
2022-10-23 23:47:15,330 file.ManagerServant INFO Master manager not found
2022-10-23 23:47:25,362 file.ManagerServant INFO Master manager not found
2022-10-23 23:47:35,477 file.ManagerServant INFO Master manager not found
2022-10-23 23:47:45,557 file.ManagerServant INFO Master manager not found
2022-10-23 23:47:55,579 file.ManagerServant INFO Master manager not found
2022-10-23 23:48:05,621 file.ManagerServant INFO Master manager not found
2022-10-23 23:48:15,645 file.ManagerServant INFO Master manager not found
2022-10-23 23:48:25,663 file.ManagerServant INFO Master manager not found
2022-10-23 23:48:35,706 file.ManagerServant INFO Master manager not found
2022-10-23 23:48:45,761 file.ManagerServant INFO Master manager not found
2022-10-23 23:48:55,830 file.ManagerServant INFO Master manager not found
2022-10-23 23:49:05,866 file.ManagerServant INFO Master manager not found
2022-10-23 23:49:15,877 file.ManagerServant INFO Master manager not found
2022-10-23 23:49:25,922 file.ManagerServant INFO Master manager not found
2022-10-23 23:49:35,953 file.ManagerServant INFO Master manager not found
2022-10-23 23:49:46,009 file.ManagerServant INFO Master manager not found
2022-10-23 23:49:56,133 file.ManagerServant INFO Master manager not found
2022-10-23 23:50:06,170 file.ManagerServant INFO Master manager not found
2022-10-23 23:50:16,187 file.ManagerServant INFO Master manager not found
2022-10-23 23:50:26,286 file.ManagerServant INFO Master manager not found
2022-10-23 23:50:36,307 file.ManagerServant INFO Master manager not found
2022-10-23 23:50:46,395 file.ManagerServant INFO Master manager not found
2022-10-23 23:50:56,459 file.ManagerServant INFO Master manager not found
2022-10-23 23:51:06,535 file.ManagerServant INFO Master manager not found
2022-10-23 23:51:16,632 file.ManagerServant INFO Master manager not found
2022-10-23 23:51:26,707 file.ManagerServant INFO Master manager not found
2022-10-23 23:51:36,747 file.ManagerServant INFO Master manager not found
2022-10-23 23:51:46,819 file.ManagerServant INFO Master manager not found
2022-10-23 23:51:56,860 file.ManagerServant INFO Master manager not found
2022-10-23 23:52:06,949 file.ManagerServant INFO Master manager not found
2022-10-23 23:52:16,950 file.ManagerServant INFO Master manager not found
2022-10-23 23:52:26,955 file.ManagerServant INFO Master manager not found
2022-10-23 23:52:37,010 file.ManagerServant INFO Master manager not found
2022-10-23 23:52:47,095 file.ManagerServant INFO Master manager not found
2022-10-23 23:52:57,215 file.ManagerServant INFO Master manager not found
2022-10-23 23:53:07,242 file.ManagerServant INFO Master manager not found
2022-10-23 23:53:17,263 file.ManagerServant INFO Master manager not found
2022-10-23 23:53:27,308 file.ManagerServant INFO Master manager not found
2022-10-23 23:53:37,347 file.ManagerServant INFO Master manager not found
2022-10-23 23:53:47,443 file.ManagerServant INFO Master manager not found
2022-10-23 23:53:57,522 file.ManagerServant INFO Master manager not found
2022-10-23 23:54:07,535 file.ManagerServant INFO Master manager not found
2022-10-23 23:54:17,608 file.ManagerServant INFO Master manager not found
2022-10-23 23:54:27,627 file.ManagerServant INFO Master manager not found
2022-10-23 23:54:37,714 file.ManagerServant INFO Master manager not found
2022-10-23 23:54:47,818 file.ManagerServant INFO Master manager not found
2022-10-23 23:54:57,888 file.ManagerServant INFO Master manager not found
2022-10-23 23:55:07,921 file.ManagerServant INFO Master manager not found
2022-10-23 23:55:17,979 file.ManagerServant INFO Master manager not found
2022-10-23 23:55:28,019 file.ManagerServant INFO Master manager not found
2022-10-23 23:55:38,083 file.ManagerServant INFO Master manager not found
2022-10-23 23:55:48,069 file.ManagerServant INFO Master manager not found
2022-10-23 23:55:58,166 file.ManagerServant INFO Master manager not found
2022-10-23 23:56:08,290 file.ManagerServant INFO Master manager not found
2022-10-23 23:56:18,400 file.ManagerServant INFO Master manager not found
2022-10-23 23:56:28,478 file.ManagerServant INFO Master manager not found
2022-10-23 23:56:38,538 file.ManagerServant INFO Master manager not found
2022-10-23 23:56:48,628 file.ManagerServant INFO Master manager not found
2022-10-23 23:56:58,612 file.ManagerServant INFO Master manager not found
2022-10-23 23:57:08,692 file.ManagerServant INFO Master manager not found
2022-10-23 23:57:18,824 file.ManagerServant INFO Master manager not found
2022-10-23 23:57:28,898 file.ManagerServant INFO Master manager not found
2022-10-23 23:57:38,946 file.ManagerServant INFO Master manager not found
2022-10-23 23:57:49,022 file.ManagerServant INFO Master manager not found
2022-10-23 23:57:59,109 file.ManagerServant INFO Master manager not found
2022-10-23 23:58:09,189 file.ManagerServant INFO Master manager not found
2022-10-23 23:58:19,220 file.ManagerServant INFO Master manager not found
2022-10-23 23:58:29,284 file.ManagerServant INFO Master manager not found
2022-10-23 23:58:39,372 file.ManagerServant INFO Master manager not found
2022-10-23 23:58:49,460 file.ManagerServant INFO Master manager not found
2022-10-23 23:58:59,514 file.ManagerServant INFO Master manager not found
2022-10-23 23:59:09,577 file.ManagerServant INFO Master manager not found
2022-10-23 23:59:19,656 file.ManagerServant INFO Master manager not found
2022-10-23 23:59:29,690 file.ManagerServant INFO Master manager not found
2022-10-23 23:59:39,714 file.ManagerServant INFO Master manager not found
2022-10-23 23:59:49,769 file.ManagerServant INFO Master manager not found
2022-10-23 23:59:59,826 file.ManagerServant INFO Master manager not found
2022-10-24 00:00:09,835 file.ManagerServant INFO Master manager not found
2022-10-24 00:00:19,952 file.ManagerServant INFO Master manager not found
2022-10-24 00:00:29,992 file.ManagerServant INFO Master manager not found
2022-10-24 00:00:40,043 file.ManagerServant INFO Master manager not found
2022-10-24 00:00:50,066 file.ManagerServant INFO Master manager not found
2022-10-24 00:01:00,082 file.ManagerServant INFO Master manager not found
2022-10-24 00:01:10,161 file.ManagerServant INFO Master manager not found
2022-10-24 00:01:20,201 file.ManagerServant INFO Master manager not found
2022-10-24 00:01:30,253 file.ManagerServant INFO Master manager not found
2022-10-24 00:01:40,331 file.ManagerServant INFO Master manager not found
2022-10-24 00:01:50,372 file.ManagerServant INFO Master manager not found
2022-10-24 00:02:00,396 file.ManagerServant INFO Master manager not found
2022-10-24 00:02:10,454 file.ManagerServant INFO Master manager not found
2022-10-24 00:02:21,099 file.ManagerServant INFO Master manager not found
2022-10-24 00:02:30,562 file.ManagerServant INFO Master manager not found
2022-10-24 00:02:40,568 file.ManagerServant INFO Master manager not found
2022-10-24 00:02:50,626 file.ManagerServant INFO Master manager not found
2022-10-24 00:03:00,720 file.ManagerServant INFO Master manager not found
2022-10-24 00:03:10,842 file.ManagerServant INFO Master manager not found
2022-10-24 00:03:20,860 file.ManagerServant INFO Master manager not found
2022-10-24 00:03:30,920 file.ManagerServant INFO Master manager not found
2022-10-24 00:03:40,941 file.ManagerServant INFO Master manager not found
2022-10-24 00:03:51,085 file.ManagerServant INFO Master manager not found
2022-10-24 00:04:01,114 file.ManagerServant INFO Master manager not found
2022-10-24 00:04:11,110 file.ManagerServant INFO Master manager not found
2022-10-24 00:04:21,129 file.ManagerServant INFO Master manager not found
2022-10-24 00:04:31,165 file.ManagerServant INFO Master manager not found
2022-10-24 00:04:41,756 file.ManagerServant INFO Master manager not found
2022-10-24 00:04:51,218 file.ManagerServant INFO Master manager not found
2022-10-24 00:05:01,240 file.ManagerServant INFO Master manager not found
2022-10-24 00:05:11,233 file.ManagerServant INFO Master manager not found
2022-10-24 00:05:21,341 file.ManagerServant INFO Master manager not found
2022-10-24 00:05:31,396 file.ManagerServant INFO Master manager not found
2022-10-24 00:05:41,503 file.ManagerServant INFO Master manager not found
2022-10-24 00:05:51,555 file.ManagerServant INFO Master manager not found
2022-10-24 00:06:01,655 file.ManagerServant INFO Master manager not found
2022-10-24 00:06:11,770 file.ManagerServant INFO Master manager not found
2022-10-24 00:06:21,789 file.ManagerServant INFO Master manager not found
2022-10-24 00:06:31,883 file.ManagerServant INFO Master manager not found
2022-10-24 00:06:41,916 file.ManagerServant INFO Master manager not found
2022-10-24 00:06:51,979 file.ManagerServant INFO Master manager not found
2022-10-24 00:07:01,992 file.ManagerServant INFO Master manager not found
2022-10-24 00:07:12,052 file.ManagerServant INFO Master manager not found
2022-10-24 00:07:22,058 file.ManagerServant INFO Master manager not found
2022-10-24 00:07:32,063 file.ManagerServant INFO Master manager not found
2022-10-24 00:07:42,148 file.ManagerServant INFO Master manager not found
2022-10-24 00:07:52,220 file.ManagerServant INFO Master manager not found
2022-10-24 00:08:02,267 file.ManagerServant INFO Master manager not found
2022-10-24 00:08:12,305 file.ManagerServant INFO Master manager not found
2022-10-24 00:08:22,345 file.ManagerServant INFO Master manager not found
2022-10-24 00:08:32,412 file.ManagerServant INFO Master manager not found
2022-10-24 00:08:42,461 file.ManagerServant INFO Master manager not found
2022-10-24 00:08:52,536 file.ManagerServant INFO Master manager not found
2022-10-24 00:09:02,536 file.ManagerServant INFO Master manager not found
2022-10-24 00:09:12,592 file.ManagerServant INFO Master manager not found
2022-10-24 00:09:22,637 file.ManagerServant INFO Master manager not found
2022-10-24 00:09:32,684 file.ManagerServant INFO Master manager not found
2022-10-24 00:09:42,705 file.ManagerServant INFO Master manager not found
2022-10-24 00:09:52,775 file.ManagerServant INFO Master manager not found
2022-10-24 00:10:02,819 file.ManagerServant INFO Master manager not found
2022-10-24 00:10:12,841 file.ManagerServant INFO Master manager not found
2022-10-24 00:10:22,865 file.ManagerServant INFO Master manager not found
2022-10-24 00:10:32,938 file.ManagerServant INFO Master manager not found
2022-10-24 00:10:43,044 file.ManagerServant INFO Master manager not found
2022-10-24 00:10:53,114 file.ManagerServant INFO Master manager not found
2022-10-24 00:11:03,188 file.ManagerServant INFO Master manager not found
2022-10-24 00:11:13,171 file.ManagerServant INFO Master manager not found
2022-10-24 00:11:23,212 file.ManagerServant INFO Master manager not found
2022-10-24 00:11:33,252 file.ManagerServant INFO Master manager not found
2022-10-24 00:11:43,368 file.ManagerServant INFO Master manager not found
2022-10-24 00:11:53,429 file.ManagerServant INFO Master manager not found
2022-10-24 00:12:03,565 file.ManagerServant INFO Master manager not found
2022-10-24 00:12:13,518 file.ManagerServant INFO Master manager not found
2022-10-24 00:12:23,640 file.ManagerServant INFO Master manager not found
2022-10-24 00:12:33,742 file.ManagerServant INFO Master manager not found
2022-10-24 00:12:43,757 file.ManagerServant INFO Master manager not found
2022-10-24 00:12:53,808 file.ManagerServant INFO Master manager not found
2022-10-24 00:13:03,898 file.ManagerServant INFO Master manager not found
2022-10-24 00:13:13,913 file.ManagerServant INFO Master manager not found
2022-10-24 00:13:23,988 file.ManagerServant INFO Master manager not found
2022-10-24 00:13:34,043 file.ManagerServant INFO Master manager not found
2022-10-24 00:13:44,053 file.ManagerServant INFO Master manager not found
2022-10-24 00:13:54,140 file.ManagerServant INFO Master manager not found
2022-10-24 00:14:04,181 file.ManagerServant INFO Master manager not found
2022-10-24 00:14:14,202 file.ManagerServant INFO Master manager not found
2022-10-24 00:14:24,259 file.ManagerServant INFO Master manager not found
2022-10-24 00:14:34,305 file.ManagerServant INFO Master manager not found
2022-10-24 00:14:44,415 file.ManagerServant INFO Master manager not found
2022-10-24 00:14:54,455 file.ManagerServant INFO Master manager not found
2022-10-24 00:15:04,548 file.ManagerServant INFO Master manager not found
2022-10-24 00:15:14,605 file.ManagerServant INFO Master manager not found
2022-10-24 00:15:24,621 file.ManagerServant INFO Master manager not found
2022-10-24 00:15:34,645 file.ManagerServant INFO Master manager not found
2022-10-24 00:15:44,743 file.ManagerServant INFO Master manager not found
2022-10-24 00:15:54,811 file.ManagerServant INFO Master manager not found
2022-10-24 00:16:04,889 file.ManagerServant INFO Master manager not found
2022-10-24 00:16:14,950 file.ManagerServant INFO Master manager not found
2022-10-24 00:16:25,004 file.ManagerServant INFO Master manager not found
2022-10-24 00:16:35,057 file.ManagerServant INFO Master manager not found
2022-10-24 00:16:45,074 file.ManagerServant INFO Master manager not found
2022-10-24 00:16:55,106 file.ManagerServant INFO Master manager not found
2022-10-24 00:17:05,129 file.ManagerServant INFO Master manager not found
2022-10-24 00:17:15,171 file.ManagerServant INFO Master manager not found
2022-10-24 00:17:25,209 file.ManagerServant INFO Master manager not found
2022-10-24 00:17:35,285 file.ManagerServant INFO Master manager not found
2022-10-24 00:17:45,292 file.ManagerServant INFO Master manager not found
2022-10-24 00:17:55,333 file.ManagerServant INFO Master manager not found
2022-10-24 00:18:05,386 file.ManagerServant INFO Master manager not found
2022-10-24 00:18:15,481 file.ManagerServant INFO Master manager not found
2022-10-24 00:18:25,537 file.ManagerServant INFO Master manager not found
2022-10-24 00:18:35,564 file.ManagerServant INFO Master manager not found
2022-10-24 00:18:45,652 file.ManagerServant INFO Master manager not found
2022-10-24 00:18:55,695 file.ManagerServant INFO Master manager not found
2022-10-24 00:19:05,786 file.ManagerServant INFO Master manager not found
2022-10-24 00:19:15,833 file.ManagerServant INFO Master manager not found
2022-10-24 00:19:25,818 file.ManagerServant INFO Master manager not found
2022-10-24 00:19:35,854 file.ManagerServant INFO Master manager not found
2022-10-24 00:19:45,949 file.ManagerServant INFO Master manager not found
2022-10-24 00:19:55,984 file.ManagerServant INFO Master manager not found
2022-10-24 00:20:06,049 file.ManagerServant INFO Master manager not found
2022-10-24 00:20:16,109 file.ManagerServant INFO Master manager not found
2022-10-24 00:20:26,156 file.ManagerServant INFO Master manager not found
2022-10-24 00:20:36,219 file.ManagerServant INFO Master manager not found
2022-10-24 00:20:46,260 file.ManagerServant INFO Master manager not found
2022-10-24 00:20:56,318 file.ManagerServant INFO Master manager not found
2022-10-24 00:21:06,333 file.ManagerServant INFO Master manager not found
2022-10-24 00:21:16,383 file.ManagerServant INFO Master manager not found
2022-10-24 00:21:26,368 file.ManagerServant INFO Master manager not found
2022-10-24 00:21:36,414 file.ManagerServant INFO Master manager not found
2022-10-24 00:21:46,458 file.ManagerServant INFO Master manager not found
2022-10-24 00:21:56,506 file.ManagerServant INFO Master manager not found
2022-10-24 00:22:06,571 file.ManagerServant INFO Master manager not found
2022-10-24 00:22:16,604 file.ManagerServant INFO Master manager not found
2022-10-24 00:22:26,709 file.ManagerServant INFO Master manager not found
2022-10-24 00:22:36,771 file.ManagerServant INFO Master manager not found
2022-10-24 00:22:46,801 file.ManagerServant INFO Master manager not found
2022-10-24 00:22:56,919 file.ManagerServant INFO Master manager not found
2022-10-24 00:23:06,972 file.ManagerServant INFO Master manager not found
2022-10-24 00:23:17,041 file.ManagerServant INFO Master manager not found
2022-10-24 00:23:27,099 file.ManagerServant INFO Master manager not found
2022-10-24 00:23:37,082 file.ManagerServant INFO Master manager not found
2022-10-24 00:23:47,118 file.ManagerServant INFO Master manager not found
2022-10-24 00:23:57,139 file.ManagerServant INFO Master manager not found
2022-10-24 00:24:07,177 file.ManagerServant INFO Master manager not found
2022-10-24 00:24:17,250 file.ManagerServant INFO Master manager not found
2022-10-24 00:24:27,303 file.ManagerServant INFO Master manager not found
2022-10-24 00:24:37,386 file.ManagerServant INFO Master manager not found
2022-10-24 00:24:47,460 file.ManagerServant INFO Master manager not found
2022-10-24 00:24:57,511 file.ManagerServant INFO Master manager not found
2022-10-24 00:25:07,563 file.ManagerServant INFO Master manager not found
2022-10-24 00:25:17,665 file.ManagerServant INFO Master manager not found
2022-10-24 00:25:27,680 file.ManagerServant INFO Master manager not found
2022-10-24 00:25:37,722 file.ManagerServant INFO Master manager not found
2022-10-24 00:25:47,800 file.ManagerServant INFO Master manager not found
2022-10-24 00:25:57,822 file.ManagerServant INFO Master manager not found
2022-10-24 00:26:07,887 file.ManagerServant INFO Master manager not found
2022-10-24 00:26:17,949 file.ManagerServant INFO Master manager not found
2022-10-24 00:26:28,000 file.ManagerServant INFO Master manager not found
2022-10-24 00:26:38,030 file.ManagerServant INFO Master manager not found
2022-10-24 00:26:48,134 file.ManagerServant INFO Master manager not found
2022-10-24 00:26:58,229 file.ManagerServant INFO Master manager not found
2022-10-24 00:27:08,289 file.ManagerServant INFO Master manager not found
2022-10-24 00:27:18,327 file.ManagerServant INFO Master manager not found
2022-10-24 00:27:29,365 file.ManagerServant INFO Master manager not found
2022-10-24 00:27:38,640 file.ManagerServant INFO Master manager not found
2022-10-24 00:27:48,436 file.ManagerServant INFO Master manager not found
2022-10-24 00:27:58,500 file.ManagerServant INFO Master manager not found
2022-10-24 00:28:08,544 file.ManagerServant INFO Master manager not found
2022-10-24 00:28:18,575 file.ManagerServant INFO Master manager not found
2022-10-24 00:28:28,604 file.ManagerServant INFO Master manager not found
2022-10-24 00:28:39,264 file.ManagerServant INFO Master manager not found
2022-10-24 00:28:49,454 file.ManagerServant INFO Master manager not found
2022-10-24 00:28:59,256 file.ManagerServant INFO Master manager not found
2022-10-24 00:29:08,834 file.ManagerServant INFO Master manager not found
2022-10-24 00:29:18,949 file.ManagerServant INFO Master manager not found
2022-10-24 00:29:28,995 file.ManagerServant INFO Master manager not found
2022-10-24 00:29:39,059 file.ManagerServant INFO Master manager not found
2022-10-24 00:29:49,096 file.ManagerServant INFO Master manager not found
2022-10-24 00:29:59,149 file.ManagerServant INFO Master manager not found
2022-10-24 00:30:09,230 file.ManagerServant INFO Master manager not found
2022-10-24 00:30:19,314 file.ManagerServant INFO Master manager not found
2022-10-24 00:30:29,555 file.ManagerServant INFO Master manager not found
2022-10-24 00:30:39,356 file.ManagerServant INFO Master manager not found
2022-10-24 00:30:49,409 file.ManagerServant INFO Master manager not found
2022-10-24 00:30:59,495 file.ManagerServant INFO Master manager not found
2022-10-24 00:31:09,535 file.ManagerServant INFO Master manager not found
2022-10-24 00:31:19,591 file.ManagerServant INFO Master manager not found
2022-10-24 00:31:29,606 file.ManagerServant INFO Master manager not found
2022-10-24 00:31:39,619 file.ManagerServant INFO Master manager not found
2022-10-24 00:31:49,654 file.ManagerServant INFO Master manager not found
2022-10-24 00:31:59,760 file.ManagerServant INFO Master manager not found
2022-10-24 00:32:09,776 file.ManagerServant INFO Master manager not found
2022-10-24 00:32:19,816 file.ManagerServant INFO Master manager not found
2022-10-24 00:32:29,911 file.ManagerServant INFO Master manager not found
2022-10-24 00:32:39,987 file.ManagerServant INFO Master manager not found
2022-10-24 00:32:49,994 file.ManagerServant INFO Master manager not found
2022-10-24 00:33:00,057 file.ManagerServant INFO Master manager not found
2022-10-24 00:33:10,116 file.ManagerServant INFO Master manager not found
2022-10-24 00:33:20,118 file.ManagerServant INFO Master manager not found
2022-10-24 00:33:30,151 file.ManagerServant INFO Master manager not found
2022-10-24 00:33:40,177 file.ManagerServant INFO Master manager not found
2022-10-24 00:33:50,225 file.ManagerServant INFO Master manager not found
2022-10-24 00:34:00,251 file.ManagerServant INFO Master manager not found
2022-10-24 00:34:10,288 file.ManagerServant INFO Master manager not found
2022-10-24 00:34:20,286 file.ManagerServant INFO Master manager not found
2022-10-24 00:34:30,400 file.ManagerServant INFO Master manager not found
2022-10-24 00:34:40,482 file.ManagerServant INFO Master manager not found
2022-10-24 00:34:50,479 file.ManagerServant INFO Master manager not found
2022-10-24 00:35:00,546 file.ManagerServant INFO Master manager not found
2022-10-24 00:35:10,548 file.ManagerServant INFO Master manager not found
2022-10-24 00:35:20,639 file.ManagerServant INFO Master manager not found
2022-10-24 00:35:30,710 file.ManagerServant INFO Master manager not found
2022-10-24 00:35:40,703 file.ManagerServant INFO Master manager not found
2022-10-24 00:35:50,781 file.ManagerServant INFO Master manager not found
2022-10-24 00:36:00,810 file.ManagerServant INFO Master manager not found
2022-10-24 00:36:10,893 file.ManagerServant INFO Master manager not found
2022-10-24 00:36:20,968 file.ManagerServant INFO Master manager not found
2022-10-24 00:36:30,973 file.ManagerServant INFO Master manager not found
2022-10-24 00:36:41,028 file.ManagerServant INFO Master manager not found
2022-10-24 00:36:51,084 file.ManagerServant INFO Master manager not found
2022-10-24 00:37:01,126 file.ManagerServant INFO Master manager not found
2022-10-24 00:37:11,182 file.ManagerServant INFO Master manager not found
2022-10-24 00:37:21,237 file.ManagerServant INFO Master manager not found
2022-10-24 00:37:31,307 file.ManagerServant INFO Master manager not found
2022-10-24 00:37:41,356 file.ManagerServant INFO Master manager not found
2022-10-24 00:37:51,427 file.ManagerServant INFO Master manager not found
2022-10-24 00:38:01,507 file.ManagerServant INFO Master manager not found
2022-10-24 00:38:11,522 file.ManagerServant INFO Master manager not found
2022-10-24 00:38:21,572 file.ManagerServant INFO Master manager not found
2022-10-24 00:38:31,607 file.ManagerServant INFO Master manager not found
2022-10-24 00:38:41,662 file.ManagerServant INFO Master manager not found
2022-10-24 00:38:51,686 file.ManagerServant INFO Master manager not found
2022-10-24 00:39:01,759 file.ManagerServant INFO Master manager not found
2022-10-24 00:39:11,792 file.ManagerServant INFO Master manager not found
2022-10-24 00:39:21,854 file.ManagerServant INFO Master manager not found
2022-10-24 00:39:31,941 file.ManagerServant INFO Master manager not found
2022-10-24 00:39:42,005 file.ManagerServant INFO Master manager not found
2022-10-24 00:39:52,044 file.ManagerServant INFO Master manager not found
2022-10-24 00:40:02,098 file.ManagerServant INFO Master manager not found
2022-10-24 00:40:12,153 file.ManagerServant INFO Master manager not found
2022-10-24 00:40:22,239 file.ManagerServant INFO Master manager not found
2022-10-24 00:40:32,255 file.ManagerServant INFO Master manager not found
2022-10-24 00:40:42,284 file.ManagerServant INFO Master manager not found
2022-10-24 00:40:52,323 file.ManagerServant INFO Master manager not found
2022-10-24 00:41:02,345 file.ManagerServant INFO Master manager not found
2022-10-24 00:41:12,377 file.ManagerServant INFO Master manager not found
2022-10-24 00:41:22,441 file.ManagerServant INFO Master manager not found
2022-10-24 00:41:32,504 file.ManagerServant INFO Master manager not found
2022-10-24 00:41:42,567 file.ManagerServant INFO Master manager not found
2022-10-24 00:41:52,624 file.ManagerServant INFO Master manager not found
2022-10-24 00:42:02,628 file.ManagerServant INFO Master manager not found
2022-10-24 00:42:12,636 file.ManagerServant INFO Master manager not found
2022-10-24 00:42:22,674 file.ManagerServant INFO Master manager not found
2022-10-24 00:42:32,731 file.ManagerServant INFO Master manager not found
2022-10-24 00:42:42,716 file.ManagerServant INFO Master manager not found
2022-10-24 00:42:52,801 file.ManagerServant INFO Master manager not found
2022-10-24 00:43:02,823 file.ManagerServant INFO Master manager not found
2022-10-24 00:43:12,879 file.ManagerServant INFO Master manager not found
2022-10-24 00:43:22,986 file.ManagerServant INFO Master manager not found
2022-10-24 00:43:33,025 file.ManagerServant INFO Master manager not found
2022-10-24 00:43:43,050 file.ManagerServant INFO Master manager not found
2022-10-24 00:43:53,146 file.ManagerServant INFO Master manager not found
2022-10-24 00:44:03,235 file.ManagerServant INFO Master manager not found
2022-10-24 00:44:13,257 file.ManagerServant INFO Master manager not found
2022-10-24 00:44:23,304 file.ManagerServant INFO Master manager not found
2022-10-24 00:44:33,369 file.ManagerServant INFO Master manager not found
2022-10-24 00:44:43,427 file.ManagerServant INFO Master manager not found
2022-10-24 00:44:53,514 file.ManagerServant INFO Master manager not found
2022-10-24 00:45:03,553 file.ManagerServant INFO Master manager not found
2022-10-24 00:45:13,578 file.ManagerServant INFO Master manager not found
2022-10-24 00:45:23,676 file.ManagerServant INFO Master manager not found
2022-10-24 00:45:33,717 file.ManagerServant INFO Master manager not found
2022-10-24 00:45:43,772 file.ManagerServant INFO Master manager not found
2022-10-24 00:45:53,796 file.ManagerServant INFO Master manager not found
2022-10-24 00:46:03,908 file.ManagerServant INFO Master manager not found
2022-10-24 00:46:13,964 file.ManagerServant INFO Master manager not found
2022-10-24 00:46:24,011 file.ManagerServant INFO Master manager not found
2022-10-24 00:46:34,051 file.ManagerServant INFO Master manager not found
2022-10-24 00:46:44,042 file.ManagerServant INFO Master manager not found
2022-10-24 00:46:54,201 file.ManagerServant INFO Master manager not found
2022-10-24 00:47:04,241 file.ManagerServant INFO Master manager not found
2022-10-24 00:47:14,271 file.ManagerServant INFO Master manager not found
2022-10-24 00:47:24,283 file.ManagerServant INFO Master manager not found
2022-10-24 00:47:34,311 file.ManagerServant INFO Master manager not found
2022-10-24 00:47:44,342 file.ManagerServant INFO Master manager not found
2022-10-24 00:47:54,384 file.ManagerServant INFO Master manager not found
2022-10-24 00:48:04,456 file.ManagerServant INFO Master manager not found
2022-10-24 00:48:14,491 file.ManagerServant INFO Master manager not found
2022-10-24 00:48:24,599 file.ManagerServant INFO Master manager not found
2022-10-24 00:48:34,620 file.ManagerServant INFO Master manager not found
2022-10-24 00:48:44,691 file.ManagerServant INFO Master manager not found
2022-10-24 00:48:54,739 file.ManagerServant INFO Master manager not found
2022-10-24 00:49:04,826 file.ManagerServant INFO Master manager not found
2022-10-24 00:49:14,834 file.ManagerServant INFO Master manager not found
2022-10-24 00:49:24,959 file.ManagerServant INFO Master manager not found
2022-10-24 00:49:35,041 file.ManagerServant INFO Master manager not found
2022-10-24 00:49:45,056 file.ManagerServant INFO Master manager not found
2022-10-24 00:49:55,095 file.ManagerServant INFO Master manager not found
2022-10-24 00:50:05,134 file.ManagerServant INFO Master manager not found
2022-10-24 00:50:15,178 file.ManagerServant INFO Master manager not found
2022-10-24 00:50:25,199 file.ManagerServant INFO Master manager not found
2022-10-24 00:50:35,279 file.ManagerServant INFO Master manager not found
2022-10-24 00:50:45,334 file.ManagerServant INFO Master manager not found
2022-10-24 00:50:55,392 file.ManagerServant INFO Master manager not found
2022-10-24 00:51:05,401 file.ManagerServant INFO Master manager not found
2022-10-24 00:51:15,449 file.ManagerServant INFO Master manager not found
2022-10-24 00:51:25,448 file.ManagerServant INFO Master manager not found
2022-10-24 00:51:35,464 file.ManagerServant INFO Master manager not found
2022-10-24 00:51:45,527 file.ManagerServant INFO Master manager not found
2022-10-24 00:51:55,555 file.ManagerServant INFO Master manager not found
2022-10-24 00:52:05,620 file.ManagerServant INFO Master manager not found
2022-10-24 00:52:15,604 file.ManagerServant INFO Master manager not found
2022-10-24 00:52:25,657 file.ManagerServant INFO Master manager not found
2022-10-24 00:52:35,709 file.ManagerServant INFO Master manager not found
2022-10-24 00:52:45,795 file.ManagerServant INFO Master manager not found
2022-10-24 00:52:55,842 file.ManagerServant INFO Master manager not found
2022-10-24 00:53:05,902 file.ManagerServant INFO Master manager not found
2022-10-24 00:53:15,929 file.ManagerServant INFO Master manager not found
2022-10-24 00:53:25,944 file.ManagerServant INFO Master manager not found
2022-10-24 00:53:36,023 file.ManagerServant INFO Master manager not found
2022-10-24 00:53:46,100 file.ManagerServant INFO Master manager not found
2022-10-24 00:53:56,134 file.ManagerServant INFO Master manager not found
2022-10-24 00:54:06,237 file.ManagerServant INFO Master manager not found
2022-10-24 00:54:16,271 file.ManagerServant INFO Master manager not found
2022-10-24 00:54:26,333 file.ManagerServant INFO Master manager not found
2022-10-24 00:54:36,357 file.ManagerServant INFO Master manager not found
2022-10-24 00:54:46,456 file.ManagerServant INFO Master manager not found
2022-10-24 00:54:56,535 file.ManagerServant INFO Master manager not found
2022-10-24 00:55:06,612 file.ManagerServant INFO Master manager not found
2022-10-24 00:55:16,685 file.ManagerServant INFO Master manager not found
2022-10-24 00:55:26,772 file.ManagerServant INFO Master manager not found
2022-10-24 00:55:36,719 file.ManagerServant INFO Master manager not found
2022-10-24 00:55:46,780 file.ManagerServant INFO Master manager not found
2022-10-24 00:55:56,837 file.ManagerServant INFO Master manager not found
2022-10-24 00:56:06,868 file.ManagerServant INFO Master manager not found
2022-10-24 00:56:16,876 file.ManagerServant INFO Master manager not found
2022-10-24 00:56:26,969 file.ManagerServant INFO Master manager not found
2022-10-24 00:56:37,027 file.ManagerServant INFO Master manager not found
2022-10-24 00:56:47,065 file.ManagerServant INFO Master manager not found
2022-10-24 00:56:57,123 file.ManagerServant INFO Master manager not found
2022-10-24 00:57:07,133 file.ManagerServant INFO Master manager not found
2022-10-24 00:57:17,136 file.ManagerServant INFO Master manager not found
2022-10-24 00:57:27,184 file.ManagerServant INFO Master manager not found
2022-10-24 00:57:37,242 file.ManagerServant INFO Master manager not found
2022-10-24 00:57:47,231 file.ManagerServant INFO Master manager not found
2022-10-24 00:57:57,280 file.ManagerServant INFO Master manager not found
2022-10-24 00:58:07,355 file.ManagerServant INFO Master manager not found
2022-10-24 00:58:17,393 file.ManagerServant INFO Master manager not found
2022-10-24 00:58:27,408 file.ManagerServant INFO Master manager not found
2022-10-24 00:58:37,449 file.ManagerServant INFO Master manager not found
2022-10-24 00:58:47,490 file.ManagerServant INFO Master manager not found
2022-10-24 00:58:57,467 file.ManagerServant INFO Master manager not found
2022-10-24 00:59:07,519 file.ManagerServant INFO Master manager not found
2022-10-24 00:59:17,639 file.ManagerServant INFO Master manager not found
2022-10-24 00:59:28,130 file.ManagerServant INFO Master manager not found
2022-10-24 00:59:37,707 file.ManagerServant INFO Master manager not found
2022-10-24 00:59:47,734 file.ManagerServant INFO Master manager not found
2022-10-24 00:59:57,765 file.ManagerServant INFO Master manager not found
2022-10-24 01:00:07,878 file.ManagerServant INFO Master manager not found
2022-10-24 01:00:17,927 file.ManagerServant INFO Master manager not found
2022-10-24 01:00:27,992 file.ManagerServant INFO Master manager not found
2022-10-24 01:00:37,994 file.ManagerServant INFO Master manager not found
2022-10-24 01:00:48,031 file.ManagerServant INFO Master manager not found
2022-10-24 01:00:58,064 file.ManagerServant INFO Master manager not found
2022-10-24 01:01:08,100 file.ManagerServant INFO Master manager not found
2022-10-24 01:01:18,105 file.ManagerServant INFO Master manager not found
2022-10-24 01:01:28,122 file.ManagerServant INFO Master manager not found
2022-10-24 01:01:38,199 file.ManagerServant INFO Master manager not found
2022-10-24 01:01:48,219 file.ManagerServant INFO Master manager not found
2022-10-24 01:01:58,292 file.ManagerServant INFO Master manager not found
2022-10-24 01:02:08,352 file.ManagerServant INFO Master manager not found
2022-10-24 01:02:18,371 file.ManagerServant INFO Master manager not found
2022-10-24 01:02:28,462 file.ManagerServant INFO Master manager not found
2022-10-24 01:02:38,570 file.ManagerServant INFO Master manager not found
2022-10-24 01:02:48,808 file.ManagerServant INFO Master manager not found
2022-10-24 01:02:58,683 file.ManagerServant INFO Master manager not found
2022-10-24 01:03:08,700 file.ManagerServant INFO Master manager not found
2022-10-24 01:03:18,745 file.ManagerServant INFO Master manager not found
2022-10-24 01:03:28,804 file.ManagerServant INFO Master manager not found
2022-10-24 01:03:38,826 file.ManagerServant INFO Master manager not found
2022-10-24 01:03:48,802 file.ManagerServant INFO Master manager not found
2022-10-24 01:03:58,853 file.ManagerServant INFO Master manager not found
2022-10-24 01:04:08,889 file.ManagerServant INFO Master manager not found
2022-10-24 01:04:18,931 file.ManagerServant INFO Master manager not found
2022-10-24 01:04:28,960 file.ManagerServant INFO Master manager not found
2022-10-24 01:04:38,992 file.ManagerServant INFO Master manager not found
2022-10-24 01:04:49,044 file.ManagerServant INFO Master manager not found
2022-10-24 01:04:59,107 file.ManagerServant INFO Master manager not found
2022-10-24 01:05:09,123 file.ManagerServant INFO Master manager not found
2022-10-24 01:05:19,167 file.ManagerServant INFO Master manager not found
2022-10-24 01:05:29,208 file.ManagerServant INFO Master manager not found
2022-10-24 01:05:39,241 file.ManagerServant INFO Master manager not found
2022-10-24 01:05:49,274 file.ManagerServant INFO Master manager not found
2022-10-24 01:05:59,383 file.ManagerServant INFO Master manager not found
2022-10-24 01:06:09,498 file.ManagerServant INFO Master manager not found
2022-10-24 01:06:19,540 file.ManagerServant INFO Master manager not found
2022-10-24 01:06:29,593 file.ManagerServant INFO Master manager not found
2022-10-24 01:06:39,663 file.ManagerServant INFO Master manager not found
2022-10-24 01:06:49,721 file.ManagerServant INFO Master manager not found
2022-10-24 01:06:59,748 file.ManagerServant INFO Master manager not found
2022-10-24 01:07:09,813 file.ManagerServant INFO Master manager not found
2022-10-24 01:07:19,880 file.ManagerServant INFO Master manager not found
2022-10-24 01:07:29,904 file.ManagerServant INFO Master manager not found
2022-10-24 01:07:40,695 file.ManagerServant INFO Master manager not found
2022-10-24 01:07:50,818 file.ManagerServant INFO Master manager not found
2022-10-24 01:08:00,720 file.ManagerServant INFO Master manager not found
2022-10-24 01:08:10,188 file.ManagerServant INFO Master manager not found
2022-10-24 01:08:20,248 file.ManagerServant INFO Master manager not found
2022-10-24 01:08:30,632 file.ManagerServant INFO Master manager not found
2022-10-24 01:08:40,768 file.ManagerServant INFO Master manager not found
2022-10-24 01:08:51,176 file.ManagerServant INFO Master manager not found
2022-10-24 01:09:01,127 file.ManagerServant INFO Master manager not found
2022-10-24 01:09:11,338 file.ManagerServant INFO Master manager not found
2022-10-24 01:09:20,863 file.ManagerServant INFO Master manager not found
2022-10-24 01:09:30,685 file.ManagerServant INFO Master manager not found
2022-10-24 01:09:40,662 file.ManagerServant INFO Master manager not found
2022-10-24 01:09:50,730 file.ManagerServant INFO Master manager not found
2022-10-24 01:10:01,283 file.ManagerServant INFO Master manager not found
2022-10-24 01:10:11,219 file.ManagerServant INFO Master manager not found
2022-10-24 01:10:21,109 file.ManagerServant INFO Master manager not found
2022-10-24 01:10:31,046 file.ManagerServant INFO Master manager not found
2022-10-24 01:10:41,039 file.ManagerServant INFO Master manager not found
2022-10-24 01:10:51,079 file.ManagerServant INFO Master manager not found
2022-10-24 01:11:01,158 file.ManagerServant INFO Master manager not found
2022-10-24 01:11:11,212 file.ManagerServant INFO Master manager not found
2022-10-24 01:11:21,267 file.ManagerServant INFO Master manager not found
2022-10-24 01:11:31,261 file.ManagerServant INFO Master manager not found
2022-10-24 01:11:41,291 file.ManagerServant INFO Master manager not found
2022-10-24 01:11:51,286 file.ManagerServant INFO Master manager not found
2022-10-24 01:12:01,365 file.ManagerServant INFO Master manager not found
2022-10-24 01:12:11,392 file.ManagerServant INFO Master manager not found
2022-10-24 01:12:21,418 file.ManagerServant INFO Master manager not found
2022-10-24 01:12:31,506 file.ManagerServant INFO Master manager not found
2022-10-24 01:12:41,603 file.ManagerServant INFO Master manager not found
2022-10-24 01:12:51,676 file.ManagerServant INFO Master manager not found
2022-10-24 01:13:01,692 file.ManagerServant INFO Master manager not found
2022-10-24 01:13:11,706 file.ManagerServant INFO Master manager not found
2022-10-24 01:13:21,744 file.ManagerServant INFO Master manager not found
2022-10-24 01:13:31,809 file.ManagerServant INFO Master manager not found
2022-10-24 01:13:41,838 file.ManagerServant INFO Master manager not found
2022-10-24 01:13:51,863 file.ManagerServant INFO Master manager not found
2022-10-24 01:14:01,869 file.ManagerServant INFO Master manager not found
2022-10-24 01:14:11,963 file.ManagerServant INFO Master manager not found
2022-10-24 01:14:21,989 file.ManagerServant INFO Master manager not found
2022-10-24 01:14:32,064 file.ManagerServant INFO Master manager not found
2022-10-24 01:14:42,094 file.ManagerServant INFO Master manager not found
2022-10-24 01:14:52,165 file.ManagerServant INFO Master manager not found
2022-10-24 01:15:02,226 file.ManagerServant INFO Master manager not found
2022-10-24 01:15:12,249 file.ManagerServant INFO Master manager not found
2022-10-24 01:15:22,262 file.ManagerServant INFO Master manager not found
2022-10-24 01:15:32,316 file.ManagerServant INFO Master manager not found
2022-10-24 01:15:42,363 file.ManagerServant INFO Master manager not found
2022-10-24 01:15:52,409 file.ManagerServant INFO Master manager not found
2022-10-24 01:16:02,430 file.ManagerServant INFO Master manager not found
2022-10-24 01:16:12,446 file.ManagerServant INFO Master manager not found
2022-10-24 01:16:22,524 file.ManagerServant INFO Master manager not found
2022-10-24 01:16:32,580 file.ManagerServant INFO Master manager not found
2022-10-24 01:16:42,626 file.ManagerServant INFO Master manager not found
2022-10-24 01:16:52,625 file.ManagerServant INFO Master manager not found
2022-10-24 01:17:02,670 file.ManagerServant INFO Master manager not found
2022-10-24 01:17:12,719 file.ManagerServant INFO Master manager not found
2022-10-24 01:17:22,777 file.ManagerServant INFO Master manager not found
2022-10-24 01:17:32,824 file.ManagerServant INFO Master manager not found
2022-10-24 01:17:42,871 file.ManagerServant INFO Master manager not found
2022-10-24 01:17:52,939 file.ManagerServant INFO Master manager not found
2022-10-24 01:18:02,943 file.ManagerServant INFO Master manager not found
2022-10-24 01:18:12,983 file.ManagerServant INFO Master manager not found
2022-10-24 01:18:23,016 file.ManagerServant INFO Master manager not found
2022-10-24 01:18:33,091 file.ManagerServant INFO Master manager not found
2022-10-24 01:18:43,107 file.ManagerServant INFO Master manager not found
2022-10-24 01:18:53,178 file.ManagerServant INFO Master manager not found
2022-10-24 01:19:03,199 file.ManagerServant INFO Master manager not found
2022-10-24 01:19:13,884 file.ManagerServant INFO Master manager not found
2022-10-24 01:19:23,240 file.ManagerServant INFO Master manager not found
2022-10-24 01:19:33,287 file.ManagerServant INFO Master manager not found
2022-10-24 01:19:43,334 file.ManagerServant INFO Master manager not found
2022-10-24 01:19:53,327 file.ManagerServant INFO Master manager not found
2022-10-24 01:20:03,434 file.ManagerServant INFO Master manager not found
2022-10-24 01:20:13,443 file.ManagerServant INFO Master manager not found
2022-10-24 01:20:23,546 file.ManagerServant INFO Master manager not found
2022-10-24 01:20:33,640 file.ManagerServant INFO Master manager not found
2022-10-24 01:20:43,741 file.ManagerServant INFO Master manager not found
2022-10-24 01:20:53,751 file.ManagerServant INFO Master manager not found
2022-10-24 01:21:03,838 file.ManagerServant INFO Master manager not found
2022-10-24 01:21:13,841 file.ManagerServant INFO Master manager not found
2022-10-24 01:21:23,879 file.ManagerServant INFO Master manager not found
2022-10-24 01:21:33,920 file.ManagerServant INFO Master manager not found
2022-10-24 01:21:43,956 file.ManagerServant INFO Master manager not found
2022-10-24 01:21:53,985 file.ManagerServant INFO Master manager not found
2022-10-24 01:22:04,002 file.ManagerServant INFO Master manager not found
2022-10-24 01:22:14,023 file.ManagerServant INFO Master manager not found
2022-10-24 01:22:24,031 file.ManagerServant INFO Master manager not found
2022-10-24 01:22:34,083 file.ManagerServant INFO Master manager not found
2022-10-24 01:22:44,115 file.ManagerServant INFO Master manager not found
2022-10-24 01:22:54,227 file.ManagerServant INFO Master manager not found
2022-10-24 01:23:04,273 file.ManagerServant INFO Master manager not found
2022-10-24 01:23:14,323 file.ManagerServant INFO Master manager not found
2022-10-24 01:23:24,362 file.ManagerServant INFO Master manager not found
2022-10-24 01:23:34,386 file.ManagerServant INFO Master manager not found
2022-10-24 01:23:44,486 file.ManagerServant INFO Master manager not found
2022-10-24 01:23:54,547 file.ManagerServant INFO Master manager not found
2022-10-24 01:24:04,652 file.ManagerServant INFO Master manager not found
2022-10-24 01:24:14,714 file.ManagerServant INFO Master manager not found
2022-10-24 01:24:24,752 file.ManagerServant INFO Master manager not found
2022-10-24 01:24:34,818 file.ManagerServant INFO Master manager not found
2022-10-24 01:24:44,826 file.ManagerServant INFO Master manager not found
2022-10-24 01:24:54,899 file.ManagerServant INFO Master manager not found
2022-10-24 01:25:04,963 file.ManagerServant INFO Master manager not found
2022-10-24 01:25:14,997 file.ManagerServant INFO Master manager not found
2022-10-24 01:25:25,054 file.ManagerServant INFO Master manager not found
2022-10-24 01:25:35,108 file.ManagerServant INFO Master manager not found
2022-10-24 01:25:45,165 file.ManagerServant INFO Master manager not found
2022-10-24 01:25:55,224 file.ManagerServant INFO Master manager not found
2022-10-24 01:26:05,935 file.ManagerServant INFO Master manager not found
2022-10-24 01:26:15,293 file.ManagerServant INFO Master manager not found
2022-10-24 01:26:26,150 file.ManagerServant INFO Master manager not found
2022-10-24 01:26:35,412 file.ManagerServant INFO Master manager not found
2022-10-24 01:26:45,494 file.ManagerServant INFO Master manager not found
2022-10-24 01:26:56,039 file.ManagerServant INFO Master manager not found
2022-10-24 01:27:05,628 file.ManagerServant INFO Master manager not found
2022-10-24 01:27:16,072 file.ManagerServant INFO Master manager not found
2022-10-24 01:27:25,768 file.ManagerServant INFO Master manager not found
2022-10-24 01:27:36,425 file.ManagerServant INFO Master manager not found
2022-10-24 01:27:46,684 file.ManagerServant INFO Master manager not found
2022-10-24 01:27:56,042 file.ManagerServant INFO Master manager not found
2022-10-24 01:28:06,464 file.ManagerServant INFO Master manager not found
2022-10-24 01:28:16,430 file.ManagerServant INFO Master manager not found
2022-10-24 01:28:26,364 file.ManagerServant INFO Master manager not found
2022-10-24 01:28:36,322 file.ManagerServant INFO Master manager not found
2022-10-24 01:28:46,314 file.ManagerServant INFO Master manager not found
2022-10-24 01:28:57,169 file.ManagerServant INFO Master manager not found
2022-10-24 01:29:06,746 file.ManagerServant INFO Master manager not found
2022-10-24 01:29:16,599 file.ManagerServant INFO Master manager not found
2022-10-24 01:29:26,958 file.ManagerServant INFO Master manager not found
2022-10-24 01:29:37,043 file.ManagerServant INFO Master manager not found
2022-10-24 01:29:46,955 file.ManagerServant INFO Master manager not found
2022-10-24 01:29:56,756 file.ManagerServant INFO Master manager not found
2022-10-24 01:30:06,801 file.ManagerServant INFO Master manager not found
2022-10-24 01:30:16,815 file.ManagerServant INFO Master manager not found
2022-10-24 01:30:26,930 file.ManagerServant INFO Master manager not found
2022-10-24 01:30:37,570 file.ManagerServant INFO Master manager not found
2022-10-24 01:30:46,986 file.ManagerServant INFO Master manager not found
2022-10-24 01:30:57,028 file.ManagerServant INFO Master manager not found
2022-10-24 01:31:07,114 file.ManagerServant INFO Master manager not found
2022-10-24 01:31:17,188 file.ManagerServant INFO Master manager not found
2022-10-24 01:31:27,275 file.ManagerServant INFO Master manager not found
2022-10-24 01:31:37,716 file.ManagerServant INFO Master manager not found
2022-10-24 01:31:47,398 file.ManagerServant INFO Master manager not found
2022-10-24 01:31:57,810 file.ManagerServant INFO Master manager not found
2022-10-24 01:32:07,441 file.ManagerServant INFO Master manager not found
2022-10-24 01:32:17,554 file.ManagerServant INFO Master manager not found
2022-10-24 01:32:27,580 file.ManagerServant INFO Master manager not found
2022-10-24 01:32:37,614 file.ManagerServant INFO Master manager not found
2022-10-24 01:32:47,670 file.ManagerServant INFO Master manager not found
2022-10-24 01:32:57,732 file.ManagerServant INFO Master manager not found
2022-10-24 01:33:07,774 file.ManagerServant INFO Master manager not found
2022-10-24 01:33:17,817 file.ManagerServant INFO Master manager not found
2022-10-24 01:33:27,885 file.ManagerServant INFO Master manager not found
2022-10-24 01:33:37,929 file.ManagerServant INFO Master manager not found
2022-10-24 01:33:48,383 file.ManagerServant INFO Master manager not found
2022-10-24 01:33:58,048 file.ManagerServant INFO Master manager not found
2022-10-24 01:34:08,246 file.ManagerServant INFO Master manager not found
2022-10-24 01:34:18,276 file.ManagerServant INFO Master manager not found
2022-10-24 01:34:28,832 file.ManagerServant INFO Master manager not found
2022-10-24 01:34:38,821 file.ManagerServant INFO Master manager not found
2022-10-24 01:34:49,027 file.ManagerServant INFO Master manager not found
2022-10-24 01:34:58,883 file.ManagerServant INFO Master manager not found
2022-10-24 01:35:08,666 file.ManagerServant INFO Master manager not found
2022-10-24 01:35:18,472 file.ManagerServant INFO Master manager not found
2022-10-24 01:35:29,146 file.ManagerServant INFO Master manager not found
2022-10-24 01:35:39,143 file.ManagerServant INFO Master manager not found
2022-10-24 01:35:49,337 file.ManagerServant INFO Master manager not found
2022-10-24 01:35:58,903 file.ManagerServant INFO Master manager not found
2022-10-24 01:36:09,646 file.ManagerServant INFO Master manager not found
2022-10-24 01:36:18,854 file.ManagerServant INFO Master manager not found
2022-10-24 01:36:29,885 file.ManagerServant INFO Master manager not found
2022-10-24 01:36:39,015 file.ManagerServant INFO Master manager not found
2022-10-24 01:36:49,864 file.ManagerServant INFO Master manager not found
2022-10-24 01:36:59,253 file.ManagerServant INFO Master manager not found
2022-10-24 01:37:09,650 file.ManagerServant INFO Master manager not found
2022-10-24 01:37:19,569 file.ManagerServant INFO Master manager not found
2022-10-24 01:37:29,421 file.ManagerServant INFO Master manager not found
2022-10-24 01:37:39,230 file.ManagerServant INFO Master manager not found
2022-10-24 01:37:49,330 file.ManagerServant INFO Master manager not found
2022-10-24 01:37:59,364 file.ManagerServant INFO Master manager not found
2022-10-24 01:38:10,058 file.ManagerServant INFO Master manager not found
2022-10-24 01:38:20,215 file.ManagerServant INFO Master manager not found
2022-10-24 01:38:29,858 file.ManagerServant INFO Master manager not found
2022-10-24 01:38:40,454 file.ManagerServant INFO Master manager not found
2022-10-24 01:38:49,701 file.ManagerServant INFO Master manager not found
2022-10-24 01:39:00,448 file.ManagerServant INFO Master manager not found
2022-10-24 01:39:10,048 file.ManagerServant INFO Master manager not found
2022-10-24 01:39:19,808 file.ManagerServant INFO Master manager not found
2022-10-24 01:39:29,912 file.ManagerServant INFO Master manager not found
2022-10-24 01:39:39,994 file.ManagerServant INFO Master manager not found
2022-10-24 01:39:49,997 file.ManagerServant INFO Master manager not found
2022-10-24 01:40:00,589 file.ManagerServant INFO Master manager not found
2022-10-24 01:40:10,690 file.ManagerServant INFO Master manager not found
2022-10-24 01:40:20,028 file.ManagerServant INFO Master manager not found
2022-10-24 01:40:30,076 file.ManagerServant INFO Master manager not found
2022-10-24 01:40:40,561 file.ManagerServant INFO Master manager not found
2022-10-24 01:40:50,503 file.ManagerServant INFO Master manager not found
2022-10-24 01:41:00,887 file.ManagerServant INFO Master manager not found
2022-10-24 01:41:10,775 file.ManagerServant INFO Master manager not found
2022-10-24 01:41:20,816 file.ManagerServant INFO Master manager not found
2022-10-24 01:41:30,821 file.ManagerServant INFO Master manager not found
2022-10-24 01:41:41,076 file.ManagerServant INFO Master manager not found
2022-10-24 01:41:51,475 file.ManagerServant INFO Master manager not found
2022-10-24 01:42:01,183 file.ManagerServant INFO Master manager not found
2022-10-24 01:42:10,921 file.ManagerServant INFO Master manager not found
2022-10-24 01:42:21,286 file.ManagerServant INFO Master manager not found
2022-10-24 01:42:31,005 file.ManagerServant INFO Master manager not found
2022-10-24 01:42:41,487 file.ManagerServant INFO Master manager not found
2022-10-24 01:42:51,289 file.ManagerServant INFO Master manager not found
2022-10-24 01:43:01,878 file.ManagerServant INFO Master manager not found
2022-10-24 01:43:11,836 file.ManagerServant INFO Master manager not found
2022-10-24 01:43:21,213 file.ManagerServant INFO Master manager not found
2022-10-24 01:43:31,309 file.ManagerServant INFO Master manager not found
2022-10-24 01:43:41,326 file.ManagerServant INFO Master manager not found
2022-10-24 01:43:52,044 file.ManagerServant INFO Master manager not found
2022-10-24 01:44:01,634 file.ManagerServant INFO Master manager not found
2022-10-24 01:44:11,890 file.ManagerServant INFO Master manager not found
2022-10-24 01:44:21,537 file.ManagerServant INFO Master manager not found
2022-10-24 01:44:31,674 file.ManagerServant INFO Master manager not found
2022-10-24 01:44:41,683 file.ManagerServant INFO Master manager not found
2022-10-24 01:44:52,243 file.ManagerServant INFO Master manager not found
2022-10-24 01:45:02,513 file.ManagerServant INFO Master manager not found
2022-10-24 01:45:12,420 file.ManagerServant INFO Master manager not found
2022-10-24 01:45:22,161 file.ManagerServant INFO Master manager not found
2022-10-24 01:45:32,430 file.ManagerServant INFO Master manager not found
2022-10-24 01:45:42,703 file.ManagerServant INFO Master manager not found
2022-10-24 01:45:52,465 file.ManagerServant INFO Master manager not found
2022-10-24 01:46:03,113 file.ManagerServant INFO Master manager not found
